<!DOCTYPE html PUBLIC "-//W3C//DTD XHTML 1.1//EN" "https://www.w3.org/TR/xhtml11/DTD/xhtml11.dtd">
<html xmlns="https://www.w3.org/1999/xhtml">
<head>
<meta http-equiv="content-type" content="text/html; charset=UTF-8"/>
<title>TestNG Report</title>
<style type="text/css">table {margin-bottom:10px;border-collapse:collapse;empty-cells:show}th,td {border:1px solid #009;padding:.25em .5em}th {vertical-align:bottom}td {vertical-align:top}table a {font-weight:bold}.stripe td {background-color: #E6EBF9}.num {text-align:right}.passedodd td {background-color: #3F3}.passedeven td {background-color: #0A0}.skippedodd td {background-color: #DDD}.skippedeven td {background-color: #CCC}.failedodd td,.attn {background-color: #F33}.failedeven td,.stripe .attn {background-color: #D00}.stacktrace {white-space:pre;font-family:monospace}.totop {font-size:85%;text-align:center;border-bottom:2px solid #000}.invisible {display:none}</style>
</head>
<body>
<table>
<tr><th>Test</th><th># Passed</th><th># Skipped</th><th># Retried</th><th># Failed</th><th>Time (ms)</th><th>Included Groups</th><th>Excluded Groups</th></tr>
<tr><th colspan="8">AlertConfirmPromptSuite</th></tr>
<tr><td><a href="#t0">AlertConfirmPromptSuiteTests2</a></td><td class="num">0</td><td class="num attn">2</td><td class="num">0</td><td class="num attn">1</td><td class="num">21,241</td><td></td><td></td></tr>
<tr class="stripe"><td><a href="#t1">AlertConfirmPromptSuiteTests</a></td><td class="num">0</td><td class="num attn">2</td><td class="num">0</td><td class="num attn">1</td><td class="num">22,176</td><td></td><td></td></tr>
<tr><th>Total</th><th class="num">0</th><th class="num attn">4</th><th class="num">0</th><th class="num attn">2</th><th class="num">43,417</th><th colspan="2"></th></tr>
</table>
<table id='summary'><thead><tr><th>Class</th><th>Method</th><th>Start</th><th>Time (ms)</th></tr></thead><tbody><tr><th colspan="4">AlertConfirmPromptSuite</th></tr></tbody><tbody id="t0"><tr><th colspan="4">AlertConfirmPromptSuiteTests2 &#8212; failed (configuration methods)</th></tr><tr class="failedeven"><td rowspan="1">com.TestingScenario.AlertPromptConfirm</td><td><a href="#m0">getResult</a></td><td rowspan="1">1750420672600</td><td rowspan="1">12</td></tr><tr><th colspan="4">AlertConfirmPromptSuiteTests2 &#8212; failed</th></tr><tr class="failedeven"><td rowspan="1">com.TestingScenario.AlertPromptConfirm</td><td><a href="#m1">testAlertWithOk</a></td><td rowspan="1">1750420672550</td><td rowspan="1">46</td></tr><tr><th colspan="4">AlertConfirmPromptSuiteTests2 &#8212; skipped (configuration methods)</th></tr><tr class="skippedeven"><td rowspan="4">com.TestingScenario.AlertPromptConfirm</td><td><a href="#m2">flushReport</a></td><td rowspan="1">1750420672625</td><td rowspan="1">0</td></tr><tr class="skippedeven"><td><a href="#m3">getResult</a></td><td rowspan="2">1750420672620</td><td rowspan="2">0</td></tr><tr class="skippedeven"><td><a href="#m4">getResult</a></td></tr><tr class="skippedeven"><td><a href="#m5">tearDown</a></td><td rowspan="1">1750420672624</td><td rowspan="1">0</td></tr><tr><th colspan="4">AlertConfirmPromptSuiteTests2 &#8212; skipped</th></tr><tr class="skippedeven"><td rowspan="2">com.TestingScenario.AlertPromptConfirm</td><td><a href="#m6">testAlertWithOkCancel</a></td><td rowspan="1">1750420672619</td><td rowspan="1">0</td></tr><tr class="skippedeven"><td><a href="#m7">testAlertWithTextBox</a></td><td rowspan="1">1750420672622</td><td rowspan="1">0</td></tr></tbody>
<tbody id="t1"><tr><th colspan="4">AlertConfirmPromptSuiteTests &#8212; failed (configuration methods)</th></tr><tr class="failedeven"><td rowspan="1">com.TestingScenario.AlertPromptConfirm</td><td><a href="#m8">getResult</a></td><td rowspan="1">1750420673552</td><td rowspan="1">2</td></tr><tr><th colspan="4">AlertConfirmPromptSuiteTests &#8212; failed</th></tr><tr class="failedeven"><td rowspan="1">com.TestingScenario.AlertPromptConfirm</td><td><a href="#m9">testAlertWithOk</a></td><td rowspan="1">1750420673550</td><td rowspan="1">1</td></tr><tr><th colspan="4">AlertConfirmPromptSuiteTests &#8212; skipped (configuration methods)</th></tr><tr class="skippedeven"><td rowspan="4">com.TestingScenario.AlertPromptConfirm</td><td><a href="#m10">flushReport</a></td><td rowspan="1">1750420673561</td><td rowspan="1">0</td></tr><tr class="skippedeven"><td><a href="#m11">getResult</a></td><td rowspan="2">1750420673556</td><td rowspan="2">0</td></tr><tr class="skippedeven"><td><a href="#m12">getResult</a></td></tr><tr class="skippedeven"><td><a href="#m13">tearDown</a></td><td rowspan="1">1750420673560</td><td rowspan="1">0</td></tr><tr><th colspan="4">AlertConfirmPromptSuiteTests &#8212; skipped</th></tr><tr class="skippedeven"><td rowspan="2">com.TestingScenario.AlertPromptConfirm</td><td><a href="#m14">testAlertWithOkCancel</a></td><td rowspan="1">1750420673556</td><td rowspan="1">0</td></tr><tr class="skippedeven"><td><a href="#m15">testAlertWithTextBox</a></td><td rowspan="1">1750420673558</td><td rowspan="1">0</td></tr></tbody>
</table>
<h2>AlertConfirmPromptSuiteTests2</h2><h3 id="m0">com.TestingScenario.AlertPromptConfirm#getResult</h3><table class="result"><tr class="param"><th>Parameter #1</th></tr><tr class="param stripe"><td>[TestResult name=testAlertWithOk status=FAILURE method=AlertPromptConfirm.testAlertWithOk()[pri:1, instance:com.TestingScenario.AlertPromptConfirm@692f203f] output={null}]</td></tr><tr><th>Exception</th></tr><tr><td><div class="stacktrace">java.lang.NullPointerException: Cannot invoke &quot;org.openqa.selenium.TakesScreenshot.getScreenshotAs(org.openqa.selenium.OutputType)&quot; because &quot;driver&quot; is null
	at com.Screenshot.Screenshot.ScreenShot(Screenshot.java:22)
	at com.TestingScenario.AlertPromptConfirm.getResult(AlertPromptConfirm.java:91)
	at java.base/java.util.ArrayList.forEach(ArrayList.java:1596)
	at java.base/java.util.concurrent.FutureTask.run(FutureTask.java:317)
	at java.base/java.util.concurrent.ThreadPoolExecutor.runWorker(ThreadPoolExecutor.java:1144)
	at java.base/java.util.concurrent.ThreadPoolExecutor$Worker.run(ThreadPoolExecutor.java:642)
	at java.base/java.lang.Thread.run(Thread.java:1583)
... Removed 20 stack frames</div></td></tr></table><p class="totop"><a href="#summary">back to summary</a></p>
<h3 id="m1">com.TestingScenario.AlertPromptConfirm#testAlertWithOk</h3><table class="result"><tr><th>Exception</th></tr><tr><td><div class="stacktrace">java.lang.NullPointerException: Cannot invoke &quot;org.openqa.selenium.SearchContext.findElement(org.openqa.selenium.By)&quot; because &quot;this.searchContext&quot; is null
	at org.openqa.selenium.support.pagefactory.DefaultElementLocator.findElement(DefaultElementLocator.java:68)
	at org.openqa.selenium.support.pagefactory.internal.LocatingElementHandler.invoke(LocatingElementHandler.java:38)
	at jdk.proxy2/jdk.proxy2.$Proxy15.click(Unknown Source)
	at com.HandlingAlertConfirmPrompt.HandlingAlertWithOk.handleAlert(HandlingAlertWithOk.java:43)
	at com.TestingScenario.AlertPromptConfirm.testAlertWithOk(AlertPromptConfirm.java:60)
	at java.base/java.util.ArrayList.forEach(ArrayList.java:1596)
	at java.base/java.util.concurrent.FutureTask.run(FutureTask.java:317)
	at java.base/java.util.concurrent.ThreadPoolExecutor.runWorker(ThreadPoolExecutor.java:1144)
	at java.base/java.util.concurrent.ThreadPoolExecutor$Worker.run(ThreadPoolExecutor.java:642)
	at java.base/java.lang.Thread.run(Thread.java:1583)
... Removed 15 stack frames</div></td></tr></table><p class="totop"><a href="#summary">back to summary</a></p>
<h3 id="m2">com.TestingScenario.AlertPromptConfirm#flushReport</h3><table class="result"><tr><th class="invisible"/></tr></table><p class="totop"><a href="#summary">back to summary</a></p>
<h3 id="m3">com.TestingScenario.AlertPromptConfirm#getResult</h3><table class="result"><tr><th class="invisible"/></tr></table><p class="totop"><a href="#summary">back to summary</a></p>
<h3 id="m4">com.TestingScenario.AlertPromptConfirm#getResult</h3><table class="result"><tr><th class="invisible"/></tr></table><p class="totop"><a href="#summary">back to summary</a></p>
<h3 id="m5">com.TestingScenario.AlertPromptConfirm#tearDown</h3><table class="result"><tr><th class="invisible"/></tr></table><p class="totop"><a href="#summary">back to summary</a></p>
<h3 id="m6">com.TestingScenario.AlertPromptConfirm#testAlertWithOkCancel</h3><table class="result"><tr><th>Exception</th></tr><tr><td><div class="stacktrace">java.lang.NullPointerException: Cannot invoke &quot;org.openqa.selenium.TakesScreenshot.getScreenshotAs(org.openqa.selenium.OutputType)&quot; because &quot;driver&quot; is null
	at com.Screenshot.Screenshot.ScreenShot(Screenshot.java:22)
	at com.TestingScenario.AlertPromptConfirm.getResult(AlertPromptConfirm.java:91)
	at java.base/java.util.ArrayList.forEach(ArrayList.java:1596)
	at java.base/java.util.concurrent.FutureTask.run(FutureTask.java:317)
	at java.base/java.util.concurrent.ThreadPoolExecutor.runWorker(ThreadPoolExecutor.java:1144)
	at java.base/java.util.concurrent.ThreadPoolExecutor$Worker.run(ThreadPoolExecutor.java:642)
	at java.base/java.lang.Thread.run(Thread.java:1583)
... Removed 20 stack frames</div></td></tr></table><p class="totop"><a href="#summary">back to summary</a></p>
<h3 id="m7">com.TestingScenario.AlertPromptConfirm#testAlertWithTextBox</h3><table class="result"><tr><th>Exception</th></tr><tr><td><div class="stacktrace">java.lang.NullPointerException: Cannot invoke &quot;org.openqa.selenium.TakesScreenshot.getScreenshotAs(org.openqa.selenium.OutputType)&quot; because &quot;driver&quot; is null
	at com.Screenshot.Screenshot.ScreenShot(Screenshot.java:22)
	at com.TestingScenario.AlertPromptConfirm.getResult(AlertPromptConfirm.java:91)
	at java.base/java.util.ArrayList.forEach(ArrayList.java:1596)
	at java.base/java.util.concurrent.FutureTask.run(FutureTask.java:317)
	at java.base/java.util.concurrent.ThreadPoolExecutor.runWorker(ThreadPoolExecutor.java:1144)
	at java.base/java.util.concurrent.ThreadPoolExecutor$Worker.run(ThreadPoolExecutor.java:642)
	at java.base/java.lang.Thread.run(Thread.java:1583)
... Removed 20 stack frames</div></td></tr></table><p class="totop"><a href="#summary">back to summary</a></p>
<h2>AlertConfirmPromptSuiteTests</h2><h3 id="m8">com.TestingScenario.AlertPromptConfirm#getResult</h3><table class="result"><tr class="param"><th>Parameter #1</th></tr><tr class="param stripe"><td>[TestResult name=testAlertWithOk status=FAILURE method=AlertPromptConfirm.testAlertWithOk()[pri:1, instance:com.TestingScenario.AlertPromptConfirm@564fabc8] output={null}]</td></tr><tr><th>Exception</th></tr><tr><td><div class="stacktrace">java.lang.NullPointerException: Cannot invoke &quot;org.openqa.selenium.TakesScreenshot.getScreenshotAs(org.openqa.selenium.OutputType)&quot; because &quot;driver&quot; is null
	at com.Screenshot.Screenshot.ScreenShot(Screenshot.java:22)
	at com.TestingScenario.AlertPromptConfirm.getResult(AlertPromptConfirm.java:91)
	at java.base/java.util.ArrayList.forEach(ArrayList.java:1596)
	at java.base/java.util.concurrent.FutureTask.run(FutureTask.java:317)
	at java.base/java.util.concurrent.ThreadPoolExecutor.runWorker(ThreadPoolExecutor.java:1144)
	at java.base/java.util.concurrent.ThreadPoolExecutor$Worker.run(ThreadPoolExecutor.java:642)
	at java.base/java.lang.Thread.run(Thread.java:1583)
... Removed 20 stack frames</div></td></tr></table><p class="totop"><a href="#summary">back to summary</a></p>
<h3 id="m9">com.TestingScenario.AlertPromptConfirm#testAlertWithOk</h3><table class="result"><tr><th>Exception</th></tr><tr><td><div class="stacktrace">java.lang.NullPointerException: Cannot invoke &quot;org.openqa.selenium.SearchContext.findElement(org.openqa.selenium.By)&quot; because &quot;this.searchContext&quot; is null
	at org.openqa.selenium.support.pagefactory.DefaultElementLocator.findElement(DefaultElementLocator.java:68)
	at org.openqa.selenium.support.pagefactory.internal.LocatingElementHandler.invoke(LocatingElementHandler.java:38)
	at jdk.proxy2/jdk.proxy2.$Proxy15.click(Unknown Source)
	at com.HandlingAlertConfirmPrompt.HandlingAlertWithOk.handleAlert(HandlingAlertWithOk.java:43)
	at com.TestingScenario.AlertPromptConfirm.testAlertWithOk(AlertPromptConfirm.java:60)
	at java.base/java.util.ArrayList.forEach(ArrayList.java:1596)
	at java.base/java.util.concurrent.FutureTask.run(FutureTask.java:317)
	at java.base/java.util.concurrent.ThreadPoolExecutor.runWorker(ThreadPoolExecutor.java:1144)
	at java.base/java.util.concurrent.ThreadPoolExecutor$Worker.run(ThreadPoolExecutor.java:642)
	at java.base/java.lang.Thread.run(Thread.java:1583)
... Removed 15 stack frames</div></td></tr></table><p class="totop"><a href="#summary">back to summary</a></p>
<h3 id="m10">com.TestingScenario.AlertPromptConfirm#flushReport</h3><table class="result"><tr><th class="invisible"/></tr></table><p class="totop"><a href="#summary">back to summary</a></p>
<h3 id="m11">com.TestingScenario.AlertPromptConfirm#getResult</h3><table class="result"><tr><th class="invisible"/></tr></table><p class="totop"><a href="#summary">back to summary</a></p>
<h3 id="m12">com.TestingScenario.AlertPromptConfirm#getResult</h3><table class="result"><tr><th class="invisible"/></tr></table><p class="totop"><a href="#summary">back to summary</a></p>
<h3 id="m13">com.TestingScenario.AlertPromptConfirm#tearDown</h3><table class="result"><tr><th class="invisible"/></tr></table><p class="totop"><a href="#summary">back to summary</a></p>
<h3 id="m14">com.TestingScenario.AlertPromptConfirm#testAlertWithOkCancel</h3><table class="result"><tr><th>Exception</th></tr><tr><td><div class="stacktrace">java.lang.NullPointerException: Cannot invoke &quot;org.openqa.selenium.TakesScreenshot.getScreenshotAs(org.openqa.selenium.OutputType)&quot; because &quot;driver&quot; is null
	at com.Screenshot.Screenshot.ScreenShot(Screenshot.java:22)
	at com.TestingScenario.AlertPromptConfirm.getResult(AlertPromptConfirm.java:91)
	at java.base/java.util.ArrayList.forEach(ArrayList.java:1596)
	at java.base/java.util.concurrent.FutureTask.run(FutureTask.java:317)
	at java.base/java.util.concurrent.ThreadPoolExecutor.runWorker(ThreadPoolExecutor.java:1144)
	at java.base/java.util.concurrent.ThreadPoolExecutor$Worker.run(ThreadPoolExecutor.java:642)
	at java.base/java.lang.Thread.run(Thread.java:1583)
... Removed 20 stack frames</div></td></tr></table><p class="totop"><a href="#summary">back to summary</a></p>
<h3 id="m15">com.TestingScenario.AlertPromptConfirm#testAlertWithTextBox</h3><table class="result"><tr><th>Exception</th></tr><tr><td><div class="stacktrace">java.lang.NullPointerException: Cannot invoke &quot;org.openqa.selenium.TakesScreenshot.getScreenshotAs(org.openqa.selenium.OutputType)&quot; because &quot;driver&quot; is null
	at com.Screenshot.Screenshot.ScreenShot(Screenshot.java:22)
	at com.TestingScenario.AlertPromptConfirm.getResult(AlertPromptConfirm.java:91)
	at java.base/java.util.ArrayList.forEach(ArrayList.java:1596)
	at java.base/java.util.concurrent.FutureTask.run(FutureTask.java:317)
	at java.base/java.util.concurrent.ThreadPoolExecutor.runWorker(ThreadPoolExecutor.java:1144)
	at java.base/java.util.concurrent.ThreadPoolExecutor$Worker.run(ThreadPoolExecutor.java:642)
	at java.base/java.lang.Thread.run(Thread.java:1583)
... Removed 20 stack frames</div></td></tr></table><p class="totop"><a href="#summary">back to summary</a></p>
</body>
</html>
