<?xml version="1.0" encoding="UTF-8"?>
<!-- Generated by org.testng.reporters.JUnitXMLReporter -->
<testsuite ignored="0" hostname="LTIN436630" failures="1" tests="3" name="Test1" time="36.888" errors="0" timestamp="2025-06-19T10:13:07 IST">
  <testcase classname="testMain.Rediff_Main_Test" name="dropDownTest" time="9.06"/>
  <testcase classname="testMain.Rediff_Main_Test" name="dropDownTest" time="6.793"/>
  <testcase classname="testMain.Rediff_Main_Test" name="dropDownTest" time="4.418">
    <failure type="java.lang.AssertionError" message="expected [true] but found [false]">
      <![CDATA[java.lang.AssertionError: expected [true] but found [false]
at testMain.Rediff_Main_Test.dropDownTest(Rediff_Main_Test.java:113)
at java.base/java.util.ArrayList.forEach(ArrayList.java:1596)
... Removed 29 stack frames]]>
    </failure>
  </testcase> <!-- dropDownTest -->
</testsuite> <!-- Test1 -->
