<?xml version="1.0" encoding="UTF-8"?>
<!-- Generated by org.testng.reporters.JUnitXMLReporter -->
<testsuite ignored="0" hostname="LTIN497038" failures="0" tests="1" name="Default test(failed)" time="0.297" errors="0" timestamp="2025-06-20T19:19:49 IST">
  <testcase classname="com.facebook.tests.FacebookSignup_Test" name="@BeforeClass setUp" time="-1.750427389661E9">
    <failure type="org.testng.TestNGException" message="
Parameter &amp;apos;browser&amp;apos; is required by BeforeClass on method setUp but has not been marked @Optional or defined
in C:\Users\2407034\eclipse-workspace\facebook-automation\test-output\testng-failed.xml">
      <![CDATA[org.testng.TestNGException: 
Parameter 'browser' is required by BeforeClass on method setUp but has not been marked @Optional or defined
in C:\Users\2407034\eclipse-workspace\facebook-automation\test-output\testng-failed.xml
at java.base/java.util.ArrayList.forEach(ArrayList.java:1596)
... Removed 22 stack frames]]>
    </failure>
  </testcase> <!-- @BeforeClass setUp -->
  <testcase classname="com.facebook.tests.FacebookSignup_Test" name="@AfterMethod getResult" time="0.0">
    <skipped/>
  </testcase> <!-- @AfterMethod getResult -->
  <testcase classname="com.facebook.tests.FacebookSignup_Test" name="@AfterClass tearDown" time="0.0">
    <skipped/>
  </testcase> <!-- @AfterClass tearDown -->
  <testcase classname="com.facebook.tests.FacebookSignup_Test" name="@AfterTest flushReport" time="0.0">
    <skipped/>
  </testcase> <!-- @AfterTest flushReport -->
  <testcase classname="com.facebook.tests.FacebookSignup_Test" name="testFacebookSignup" time="0.001">
    <skipped/>
  </testcase> <!-- testFacebookSignup -->
</testsuite> <!-- Default test(failed) -->
