<!DOCTYPE html PUBLIC "-//W3C//DTD XHTML 1.1//EN" "https://www.w3.org/TR/xhtml11/DTD/xhtml11.dtd">
<html xmlns="https://www.w3.org/1999/xhtml">
<head>
<meta http-equiv="content-type" content="text/html; charset=UTF-8"/>
<title>TestNG Report</title>
<style type="text/css">table {margin-bottom:10px;border-collapse:collapse;empty-cells:show}th,td {border:1px solid #009;padding:.25em .5em}th {vertical-align:bottom}td {vertical-align:top}table a {font-weight:bold}.stripe td {background-color: #E6EBF9}.num {text-align:right}.passedodd td {background-color: #3F3}.passedeven td {background-color: #0A0}.skippedodd td {background-color: #DDD}.skippedeven td {background-color: #CCC}.failedodd td,.attn {background-color: #F33}.failedeven td,.stripe .attn {background-color: #D00}.stacktrace {white-space:pre;font-family:monospace}.totop {font-size:85%;text-align:center;border-bottom:2px solid #000}.invisible {display:none}</style>
</head>
<body>
<table>
<tr><th>Test</th><th># Passed</th><th># Skipped</th><th># Retried</th><th># Failed</th><th>Time (ms)</th><th>Included Groups</th><th>Excluded Groups</th></tr>
<tr><th colspan="8">Suite</th></tr>
<tr><td><a href="#t0">TrainSearchEdge</a></td><td class="num">8</td><td class="num">0</td><td class="num">0</td><td class="num attn">1</td><td class="num">20,262</td><td></td><td></td></tr>
<tr class="stripe"><td><a href="#t1">TrainSearchChrome</a></td><td class="num">8</td><td class="num">0</td><td class="num">0</td><td class="num attn">1</td><td class="num">15,494</td><td></td><td></td></tr>
<tr><th>Total</th><th class="num">16</th><th class="num">0</th><th class="num">0</th><th class="num attn">2</th><th class="num">35,756</th><th colspan="2"></th></tr>
</table>
<table id='summary'><thead><tr><th>Class</th><th>Method</th><th>Start</th><th>Time (ms)</th></tr></thead><tbody><tr><th colspan="4">Suite</th></tr></tbody><tbody id="t0"><tr><th colspan="4">TrainSearchEdge &#8212; failed</th></tr><tr class="failedeven"><td rowspan="1">com.selenium.test.testCases.TestMain</td><td><a href="#m0">testDateSelection2</a></td><td rowspan="1">1750775825256</td><td rowspan="1">133</td></tr><tr><th colspan="4">TrainSearchEdge &#8212; passed</th></tr><tr class="passedeven"><td rowspan="8">com.selenium.test.testCases.TestMain</td><td><a href="#m1">alertHandle</a></td><td rowspan="1">1750775819173</td><td rowspan="1">20</td></tr><tr class="passedeven"><td><a href="#m2">availableTrain</a></td><td rowspan="1">1750775824248</td><td rowspan="1">1005</td></tr><tr class="passedeven"><td><a href="#m3">selectChoices</a></td><td rowspan="1">1750775822896</td><td rowspan="1">1349</td></tr><tr class="passedeven"><td><a href="#m4">testDateSelection</a></td><td rowspan="1">1750775821392</td><td rowspan="1">1501</td></tr><tr class="passedeven"><td><a href="#m5">testDestStation</a></td><td rowspan="1">1750775820654</td><td rowspan="1">735</td></tr><tr class="passedeven"><td><a href="#m6">testSrcStation</a></td><td rowspan="1">1750775819625</td><td rowspan="1">1021</td></tr><tr class="passedeven"><td><a href="#m7">testTitle</a></td><td rowspan="1">1750775819206</td><td rowspan="1">240</td></tr><tr class="passedeven"><td><a href="#m8">testURL</a></td><td rowspan="1">1750775819449</td><td rowspan="1">168</td></tr></tbody>
<tbody id="t1"><tr><th colspan="4">TrainSearchChrome &#8212; failed</th></tr><tr class="failedeven"><td rowspan="1">com.selenium.test.testCases.TestMain</td><td><a href="#m9">testDateSelection2</a></td><td rowspan="1">1750775843129</td><td rowspan="1">69</td></tr><tr><th colspan="4">TrainSearchChrome &#8212; passed</th></tr><tr class="passedeven"><td rowspan="8">com.selenium.test.testCases.TestMain</td><td><a href="#m10">alertHandle</a></td><td rowspan="1">1750775838096</td><td rowspan="1">7</td></tr><tr class="passedeven"><td><a href="#m11">availableTrain</a></td><td rowspan="1">1750775842281</td><td rowspan="1">845</td></tr><tr class="passedeven"><td><a href="#m12">selectChoices</a></td><td rowspan="1">1750775841296</td><td rowspan="1">981</td></tr><tr class="passedeven"><td><a href="#m13">testDateSelection</a></td><td rowspan="1">1750775839501</td><td rowspan="1">1792</td></tr><tr class="passedeven"><td><a href="#m14">testDestStation</a></td><td rowspan="1">1750775838876</td><td rowspan="1">621</td></tr><tr class="passedeven"><td><a href="#m15">testSrcStation</a></td><td rowspan="1">1750775838314</td><td rowspan="1">559</td></tr><tr class="passedeven"><td><a href="#m16">testTitle</a></td><td rowspan="1">1750775838106</td><td rowspan="1">122</td></tr><tr class="passedeven"><td><a href="#m17">testURL</a></td><td rowspan="1">1750775838231</td><td rowspan="1">80</td></tr></tbody>
</table>
<h2>TrainSearchEdge</h2><h3 id="m0">com.selenium.test.testCases.TestMain#testDateSelection2</h3><table class="result"><tr><th>Exception</th></tr><tr><td><div class="stacktrace">java.lang.AssertionError: expected [28-Jun-25 Sat] but found [29-Jun-25 Sat]
	at com.selenium.test.testCases.TestMain.testDateSelection2(TestMain.java:325)
	at java.base/java.util.ArrayList.forEach(ArrayList.java:1596)
... Removed 31 stack frames</div></td></tr></table><p class="totop"><a href="#summary">back to summary</a></p>
<h3 id="m1">com.selenium.test.testCases.TestMain#alertHandle</h3><table class="result"><tr><th class="invisible"/></tr></table><p class="totop"><a href="#summary">back to summary</a></p>
<h3 id="m2">com.selenium.test.testCases.TestMain#availableTrain</h3><table class="result"><tr><th class="invisible"/></tr></table><p class="totop"><a href="#summary">back to summary</a></p>
<h3 id="m3">com.selenium.test.testCases.TestMain#selectChoices</h3><table class="result"><tr><th class="invisible"/></tr></table><p class="totop"><a href="#summary">back to summary</a></p>
<h3 id="m4">com.selenium.test.testCases.TestMain#testDateSelection</h3><table class="result"><tr><th class="invisible"/></tr></table><p class="totop"><a href="#summary">back to summary</a></p>
<h3 id="m5">com.selenium.test.testCases.TestMain#testDestStation</h3><table class="result"><tr><th class="invisible"/></tr></table><p class="totop"><a href="#summary">back to summary</a></p>
<h3 id="m6">com.selenium.test.testCases.TestMain#testSrcStation</h3><table class="result"><tr><th class="invisible"/></tr></table><p class="totop"><a href="#summary">back to summary</a></p>
<h3 id="m7">com.selenium.test.testCases.TestMain#testTitle</h3><table class="result"><tr><th class="invisible"/></tr></table><p class="totop"><a href="#summary">back to summary</a></p>
<h3 id="m8">com.selenium.test.testCases.TestMain#testURL</h3><table class="result"><tr><th class="invisible"/></tr></table><p class="totop"><a href="#summary">back to summary</a></p>
<h2>TrainSearchChrome</h2><h3 id="m9">com.selenium.test.testCases.TestMain#testDateSelection2</h3><table class="result"><tr><th>Exception</th></tr><tr><td><div class="stacktrace">java.lang.AssertionError: expected [28-Jun-25 Sat] but found [29-Jun-25 Sat]
	at com.selenium.test.testCases.TestMain.testDateSelection2(TestMain.java:325)
	at java.base/java.util.ArrayList.forEach(ArrayList.java:1596)
... Removed 31 stack frames</div></td></tr></table><p class="totop"><a href="#summary">back to summary</a></p>
<h3 id="m10">com.selenium.test.testCases.TestMain#alertHandle</h3><table class="result"><tr><th class="invisible"/></tr></table><p class="totop"><a href="#summary">back to summary</a></p>
<h3 id="m11">com.selenium.test.testCases.TestMain#availableTrain</h3><table class="result"><tr><th class="invisible"/></tr></table><p class="totop"><a href="#summary">back to summary</a></p>
<h3 id="m12">com.selenium.test.testCases.TestMain#selectChoices</h3><table class="result"><tr><th class="invisible"/></tr></table><p class="totop"><a href="#summary">back to summary</a></p>
<h3 id="m13">com.selenium.test.testCases.TestMain#testDateSelection</h3><table class="result"><tr><th class="invisible"/></tr></table><p class="totop"><a href="#summary">back to summary</a></p>
<h3 id="m14">com.selenium.test.testCases.TestMain#testDestStation</h3><table class="result"><tr><th class="invisible"/></tr></table><p class="totop"><a href="#summary">back to summary</a></p>
<h3 id="m15">com.selenium.test.testCases.TestMain#testSrcStation</h3><table class="result"><tr><th class="invisible"/></tr></table><p class="totop"><a href="#summary">back to summary</a></p>
<h3 id="m16">com.selenium.test.testCases.TestMain#testTitle</h3><table class="result"><tr><th class="invisible"/></tr></table><p class="totop"><a href="#summary">back to summary</a></p>
<h3 id="m17">com.selenium.test.testCases.TestMain#testURL</h3><table class="result"><tr><th class="invisible"/></tr></table><p class="totop"><a href="#summary">back to summary</a></p>
</body>
</html>
