<?xml version="1.0" encoding="UTF-8"?>
<!-- Generated by org.testng.reporters.JUnitXMLReporter -->
<testsuite ignored="0" hostname="LTIN607614" failures="0" tests="1" name="Job Title Test" time="0.542" errors="0" timestamp="2025-07-01T18:01:16 IST">
  <testcase classname="com.xlreading.OrangeHRMJobTitleTest" name="@BeforeClass setup" time="-1.751373076274E9">
    <failure type="org.testng.TestNGException" message="
Parameter &amp;apos;browser&amp;apos; is required by BeforeClass on method setup but has not been marked @Optional or defined
in C:\Users\2403712\OneDrive - Cognizant\Desktop\OrangeHrm\src\test\resources\testng.xml">
      <![CDATA[org.testng.TestNGException: 
Parameter 'browser' is required by BeforeClass on method setup but has not been marked @Optional or defined
in C:\Users\2403712\OneDrive - Cognizant\Desktop\OrangeHrm\src\test\resources\testng.xml
at java.base/java.util.ArrayList.forEach(ArrayList.java:1596)
... Removed 22 stack frames]]>
    </failure>
  </testcase> <!-- @BeforeClass setup -->
  <testcase classname="com.xlreading.OrangeHRMJobTitleTest" name="@AfterMethod getResult" time="0.0">
    <skipped/>
  </testcase> <!-- @AfterMethod getResult -->
  <testcase classname="com.xlreading.OrangeHRMJobTitleTest" name="@AfterClass tearDown" time="0.0">
    <skipped/>
  </testcase> <!-- @AfterClass tearDown -->
  <testcase classname="com.xlreading.OrangeHRMJobTitleTest" name="@AfterTest flushReport" time="0.0">
    <skipped/>
  </testcase> <!-- @AfterTest flushReport -->
  <testcase classname="com.xlreading.OrangeHRMJobTitleTest" name="testAddJobTitle" time="0.0">
    <skipped/>
  </testcase> <!-- testAddJobTitle -->
</testsuite> <!-- Job Title Test -->
