<?xml version="1.0" encoding="UTF-8"?>
<!-- Generated by org.testng.reporters.JUnitXMLReporter -->
<testsuite ignored="0" hostname="LTIN605890" failures="0" tests="3" name="Surefire test" time="0.044" errors="0" timestamp="2025-06-23T14:35:47 IST">
  <testcase classname="com.test.testCases.EmpTest" name="@BeforeClass setUp" time="-1.750669547953E9">
    <failure type="org.testng.TestNGException" message="
Parameter &amp;apos;browser&amp;apos; is required by BeforeClass on method setUp but has not been marked @Optional or defined
">
      <![CDATA[org.testng.TestNGException: 
Parameter 'browser' is required by BeforeClass on method setUp but has not been marked @Optional or defined

at java.base/java.util.ArrayList.forEach(ArrayList.java:1596)
... Removed 27 stack frames]]>
    </failure>
  </testcase> <!-- @BeforeClass setUp -->
  <testcase classname="com.test.testCases.EmpTest" name="@AfterMethod captureResult" time="0.0">
    <skipped/>
  </testcase> <!-- @AfterMethod captureResult -->
  <testcase classname="com.test.testCases.EmpTest" name="@AfterMethod captureResult" time="0.0">
    <skipped/>
  </testcase> <!-- @AfterMethod captureResult -->
  <testcase classname="com.test.testCases.EmpTest" name="@AfterMethod captureResult" time="0.0">
    <skipped/>
  </testcase> <!-- @AfterMethod captureResult -->
  <testcase classname="com.test.testCases.EmpTest" name="@AfterClass tearDown" time="0.0">
    <skipped/>
  </testcase> <!-- @AfterClass tearDown -->
  <testcase classname="com.test.testCases.EmpTest" name="testAddEmployee" time="0.0">
    <skipped/>
  </testcase> <!-- testAddEmployee -->
  <testcase classname="com.test.testCases.EmpTest" name="testEditEmployeeDetails" time="0.0">
    <skipped/>
  </testcase> <!-- testEditEmployeeDetails -->
  <testcase classname="com.test.testCases.EmpTest" name="testLogout" time="0.0">
    <skipped/>
  </testcase> <!-- testLogout -->
</testsuite> <!-- Surefire test -->
