<?xml version="1.0" encoding="UTF-8"?>
<!-- Generated by org.testng.reporters.JUnitXMLReporter -->
<testsuite ignored="1" hostname="LTIN578024" failures="0" tests="1" name="Default test" time="0.1" errors="0" timestamp="2025-07-03T19:51:16 IST">
  <testcase classname="com.test.testScenario.HotelAvailabilityTest" name="@BeforeTest setup" time="-1.751552476668E9">
    <failure type="org.testng.TestNGException" message="
Parameter &amp;apos;browser&amp;apos; is required by BeforeTest on method setup but has not been marked @Optional or defined
in C:\Users\2403713\AppData\Local\Temp\testng-eclipse--1004921718\testng-customsuite.xml">
      <![CDATA[org.testng.TestNGException: 
Parameter 'browser' is required by BeforeTest on method setup but has not been marked @Optional or defined
in C:\Users\2403713\AppData\Local\Temp\testng-eclipse--1004921718\testng-customsuite.xml
at org.testng.internal.Parameters.createParams(Parameters.java:264)
at org.testng.internal.Parameters.createParametersForMethod(Parameters.java:352)
at org.testng.internal.Parameters.createParameters(Parameters.java:690)
at org.testng.internal.Parameters.createConfigurationParameters(Parameters.java:163)
at org.testng.internal.invokers.ConfigInvoker.invokeConfigurations(ConfigInvoker.java:313)
at org.testng.TestRunner.invokeTestConfigurations(TestRunner.java:657)
at org.testng.TestRunner.beforeRun(TestRunner.java:646)
at org.testng.TestRunner.run(TestRunner.java:612)
at org.testng.SuiteRunner.runTest(SuiteRunner.java:421)
at org.testng.SuiteRunner.runSequentially(SuiteRunner.java:413)
at org.testng.SuiteRunner.privateRun(SuiteRunner.java:373)
at org.testng.SuiteRunner.run(SuiteRunner.java:312)
at org.testng.SuiteRunnerWorker.runSuite(SuiteRunnerWorker.java:52)
at org.testng.SuiteRunnerWorker.run(SuiteRunnerWorker.java:95)
at org.testng.TestNG.runSuitesSequentially(TestNG.java:1274)
at org.testng.TestNG.runSuitesLocally(TestNG.java:1208)
at org.testng.TestNG.runSuites(TestNG.java:1112)
at org.testng.TestNG.run(TestNG.java:1079)
at org.testng.remote.AbstractRemoteTestNG.run(AbstractRemoteTestNG.java:115)
at org.testng.remote.RemoteTestNG.initAndRun(RemoteTestNG.java:293)
at org.testng.remote.RemoteTestNG.main(RemoteTestNG.java:91)
]]>
    </failure>
  </testcase> <!-- @BeforeTest setup -->
  <testcase classname="com.test.testScenario.HotelAvailabilityTest" name="@BeforeClass stratReport" time="0.0">
    <skipped/>
  </testcase> <!-- @BeforeClass stratReport -->
  <testcase classname="com.test.testScenario.HotelAvailabilityTest" name="@AfterMethod getResult" time="0.0">
    <skipped/>
  </testcase> <!-- @AfterMethod getResult -->
  <testcase classname="com.test.testScenario.HotelAvailabilityTest" name="@AfterMethod screnShot" time="0.0">
    <skipped/>
  </testcase> <!-- @AfterMethod screnShot -->
  <testcase classname="com.test.testScenario.HotelAvailabilityTest" name="@AfterClass erase" time="0.0">
    <skipped/>
  </testcase> <!-- @AfterClass erase -->
  <testcase classname="com.test.testScenario.HotelAvailabilityTest" name="@AfterClass tearDown" time="0.0">
    <skipped/>
  </testcase> <!-- @AfterClass tearDown -->
  <testcase classname="com.test.testScenario.HotelAvailabilityTest" name="@AfterClass writeDataIntoExcel" time="0.0">
    <skipped/>
  </testcase> <!-- @AfterClass writeDataIntoExcel -->
  <testcase classname="com.test.testScenario.HotelAvailabilityTest" name="result" time="0.0">
    <skipped/>
  </testcase> <!-- result -->
  <testcase classname="com.test.testScenario.HotelAvailabilityTest" name="cityInitialize" time="0.0">
    <ignored/>
  </testcase> <!-- cityInitialize -->
</testsuite> <!-- Default test -->
