<?xml version="1.0" encoding="UTF-8"?>
<!-- Generated by org.testng.reporters.JUnitXMLReporter -->
<testsuite ignored="0" hostname="LTIN606481" failures="2" tests="10" name="Test2" time="151.599" errors="0" timestamp="2025-06-18T17:52:10 IST">
  <testcase classname="base.DeletingSkillSet" name="loginToWebsite" time="2.281"/>
  <testcase classname="base.DeletingSkillSet" name="jobCategoriesOperation" time="15.901"/>
  <testcase classname="base.DeletingSkillSet" name="jobCategoriesOperation" time="12.709">
    <failure type="java.lang.AssertionError" message="Job operation failed!">
      <![CDATA[java.lang.AssertionError: Job operation failed!
at base.DeletingSkillSet.jobCategoriesOperation(DeletingSkillSet.java:114)
at java.base/java.util.ArrayList.forEach(ArrayList.java:1596)
... Removed 26 stack frames]]>
    </failure>
  </testcase> <!-- jobCategoriesOperation -->
  <testcase classname="base.DeletingSkillSet" name="jobCategoriesOperation" time="8.375"/>
  <testcase classname="base.DeletingSkillSet" name="organizationLocationOperation" time="16.649"/>
  <testcase classname="base.DeletingSkillSet" name="organizationLocationOperation" time="15.218"/>
  <testcase classname="base.DeletingSkillSet" name="organizationLocationOperation" time="16.901"/>
  <testcase classname="base.DeletingSkillSet" name="qualificationSkillsOperation" time="14.351"/>
  <testcase classname="base.DeletingSkillSet" name="qualificationSkillsOperation" time="24.82">
    <failure type="org.openqa.selenium.TimeoutException" message="Expected condition failed: waiting for visibility of all [] (tried for 20 second(s) with 500 milliseconds interval)
Build info: version: &amp;apos;4.33.0&amp;apos;, revision: &amp;apos;2c6aaad03a&amp;apos;
System info: os.name: &amp;apos;Windows 11&amp;apos;, os.arch: &amp;apos;amd64&amp;apos;, os.version: &amp;apos;10.0&amp;apos;, java.version: &amp;apos;21.0.5&amp;apos;
Driver info: org.openqa.selenium.edge.EdgeDriver
Capabilities {acceptInsecureCerts: false, browserName: MicrosoftEdge, browserVersion: 137.0.3296.83, fedcm:accounts: true, ms:edgeOptions: {debuggerAddress: localhost:53140}, msedge: {msedgedriverVersion: 137.0.3296.83 (24e00e9cccf2..., userDataDir: C:\Users\2403763\AppData\Lo...}, networkConnectionEnabled: false, pageLoadStrategy: normal, platformName: windows, proxy: Proxy(), se:cdp: ws://localhost:53140/devtoo..., se:cdpVersion: 137.0.3296.83, setWindowRect: true, strictFileInteractability: false, timeouts: {implicit: 0, pageLoad: 300000, script: 30000}, unhandledPromptBehavior: dismiss and notify, webauthn:extension:credBlob: true, webauthn:extension:largeBlob: true, webauthn:extension:minPinLength: true, webauthn:extension:prf: true, webauthn:virtualAuthenticators: true}
Session ID: fccfcbf6af5f221a24e56a9611b88861">
      <![CDATA[org.openqa.selenium.TimeoutException: Expected condition failed: waiting for visibility of all [] (tried for 20 second(s) with 500 milliseconds interval)
Build info: version: '4.33.0', revision: '2c6aaad03a'
System info: os.name: 'Windows 11', os.arch: 'amd64', os.version: '10.0', java.version: '21.0.5'
Driver info: org.openqa.selenium.edge.EdgeDriver
Capabilities {acceptInsecureCerts: false, browserName: MicrosoftEdge, browserVersion: 137.0.3296.83, fedcm:accounts: true, ms:edgeOptions: {debuggerAddress: localhost:53140}, msedge: {msedgedriverVersion: 137.0.3296.83 (24e00e9cccf2..., userDataDir: C:\Users\2403763\AppData\Lo...}, networkConnectionEnabled: false, pageLoadStrategy: normal, platformName: windows, proxy: Proxy(), se:cdp: ws://localhost:53140/devtoo..., se:cdpVersion: 137.0.3296.83, setWindowRect: true, strictFileInteractability: false, timeouts: {implicit: 0, pageLoad: 300000, script: 30000}, unhandledPromptBehavior: dismiss and notify, webauthn:extension:credBlob: true, webauthn:extension:largeBlob: true, webauthn:extension:minPinLength: true, webauthn:extension:prf: true, webauthn:virtualAuthenticators: true}
Session ID: fccfcbf6af5f221a24e56a9611b88861
at org.openqa.selenium.support.ui.WebDriverWait.timeoutException(WebDriverWait.java:84)
at org.openqa.selenium.support.ui.FluentWait.until(FluentWait.java:228)
at utils.WaitUtil.waitForMultipleElement(WaitUtil.java:34)
at pages.QualificationPage.addAndDeleteElement(QualificationPage.java:99)
at base.DeletingSkillSet.qualificationSkillsOperation(DeletingSkillSet.java:135)
at java.base/java.util.ArrayList.forEach(ArrayList.java:1596)
... Removed 25 stack frames]]>
    </failure>
  </testcase> <!-- qualificationSkillsOperation -->
  <testcase classname="base.DeletingSkillSet" name="qualificationSkillsOperation" time="7.396"/>
</testsuite> <!-- Test2 -->
