<?xml version="1.0" encoding="UTF-8"?>
<!-- Generated by org.testng.reporters.JUnitXMLReporter -->
<testsuite ignored="0" hostname="LTIN576385" failures="2" tests="10" name="chromeTest" time="999.623" errors="0" timestamp="2025-07-17T10:48:43 IST">
  <testcase classname="testCases.TC001_HospitalsAvailabilityTest" name="hospitalsSearch" time="245.926">
    <failure type="java.lang.AssertionError" message="null">
      <![CDATA[java.lang.AssertionError: null
at testCases.TC001_HospitalsAvailabilityTest.hospitalsSearch(TC001_HospitalsAvailabilityTest.java:46)
at java.base/java.util.ArrayList.forEach(ArrayList.java:1596)
... Removed 27 stack frames]]>
    </failure>
  </testcase> <!-- hospitalsSearch -->
  <testcase classname="testCases.TC002_NearbyDoctors" name="findDoctorsTest" time="41.214"/>
  <testcase classname="testCases.TC003_VideoConsultancy" name="getTopCities" time="10.813"/>
  <testcase classname="testCases.TC004_LoginAuthentication" name="loginTest" time="6.005"/>
  <testcase classname="testCases.TC004_LoginAuthentication" name="loginTest" time="5.062"/>
  <testcase classname="testCases.TC004_LoginAuthentication" name="loginTest" time="1.888"/>
  <testcase classname="testCases.TC005_SearchHealthArticles" name="healthArticlesSearch" time="20.271"/>
  <testcase classname="testCases.TC006_SocialsLinkVerification" name="linkVerification" time="214.873">
    <failure type="java.lang.AssertionError" message="Exception occurred: java.util.concurrent.TimeoutException
Build info: version: &amp;apos;4.33.0&amp;apos;, revision: &amp;apos;2c6aaad03a&amp;apos;
System info: os.name: &amp;apos;Windows 11&amp;apos;, os.arch: &amp;apos;amd64&amp;apos;, os.version: &amp;apos;10.0&amp;apos;, java.version: &amp;apos;21.0.5&amp;apos;
Driver info: org.openqa.selenium.chrome.ChromeDriver
Command: [c9e67f2af0a94241105286a1437a550c, screenshot {}]
Capabilities {acceptInsecureCerts: false, browserName: chrome, browserVersion: 137.0.7151.69, chrome: {chromedriverVersion: 137.0.7151.119 (e0ac9d12dff..., userDataDir: C:\Users\2403732\AppData\Lo...}, fedcm:accounts: true, goog:chromeOptions: {debuggerAddress: localhost:62846}, networkConnectionEnabled: false, pageLoadStrategy: normal, platformName: windows, proxy: Proxy(), se:cdp: ws://localhost:62846/devtoo..., se:cdpVersion: 137.0.7151.69, setWindowRect: true, strictFileInteractability: false, timeouts: {implicit: 0, pageLoad: 300000, script: 30000}, unhandledPromptBehavior: dismiss and notify, webauthn:extension:credBlob: true, webauthn:extension:largeBlob: true, webauthn:extension:minPinLength: true, webauthn:extension:prf: true, webauthn:virtualAuthenticators: true}
Session ID: c9e67f2af0a94241105286a1437a550c">
      <![CDATA[java.lang.AssertionError: Exception occurred: java.util.concurrent.TimeoutException
Build info: version: '4.33.0', revision: '2c6aaad03a'
System info: os.name: 'Windows 11', os.arch: 'amd64', os.version: '10.0', java.version: '21.0.5'
Driver info: org.openqa.selenium.chrome.ChromeDriver
Command: [c9e67f2af0a94241105286a1437a550c, screenshot {}]
Capabilities {acceptInsecureCerts: false, browserName: chrome, browserVersion: 137.0.7151.69, chrome: {chromedriverVersion: 137.0.7151.119 (e0ac9d12dff..., userDataDir: C:\Users\2403732\AppData\Lo...}, fedcm:accounts: true, goog:chromeOptions: {debuggerAddress: localhost:62846}, networkConnectionEnabled: false, pageLoadStrategy: normal, platformName: windows, proxy: Proxy(), se:cdp: ws://localhost:62846/devtoo..., se:cdpVersion: 137.0.7151.69, setWindowRect: true, strictFileInteractability: false, timeouts: {implicit: 0, pageLoad: 300000, script: 30000}, unhandledPromptBehavior: dismiss and notify, webauthn:extension:credBlob: true, webauthn:extension:largeBlob: true, webauthn:extension:minPinLength: true, webauthn:extension:prf: true, webauthn:virtualAuthenticators: true}
Session ID: c9e67f2af0a94241105286a1437a550c
at testCases.TC006_SocialsLinkVerification.linkVerification(TC006_SocialsLinkVerification.java:30)
at java.base/java.util.ArrayList.forEach(ArrayList.java:1596)
... Removed 26 stack frames]]>
    </failure>
  </testcase> <!-- linkVerification -->
  <testcase classname="testCases.TC007_CaptchaScreenshot" name="corporateClick" time="22.497"/>
  <testcase classname="testCases.TC008_TopCity_TestPageTest" name="getTopCities" time="17.088"/>
</testsuite> <!-- chromeTest -->
