<html>
<head>
<title>TestNG:  edgeTest</title>
<link href="../testng.css" rel="stylesheet" type="text/css" />
<link href="../my-testng.css" rel="stylesheet" type="text/css" />

<style type="text/css">
.log { display: none;} 
.stack-trace { display: none;} 
</style>
<script type="text/javascript">
<!--
function flip(e) {
  current = e.style.display;
  if (current == 'block') {
    e.style.display = 'none';
    return 0;
  }
  else {
    e.style.display = 'block';
    return 1;
  }
}

function toggleBox(szDivId, elem, msg1, msg2)
{
  var res = -1;  if (document.getElementById) {
    res = flip(document.getElementById(szDivId));
  }
  else if (document.all) {
    // this is the way old msie versions work
    res = flip(document.all[szDivId]);
  }
  if(elem) {
    if(res == 0) elem.innerHTML = msg1; else elem.innerHTML = msg2;
  }

}

function toggleAllBoxes() {
  if (document.getElementsByTagName) {
    d = document.getElementsByTagName('div');
    for (i = 0; i < d.length; i++) {
      if (d[i].className == 'log') {
        flip(d[i]);
      }
    }
  }
}

// -->
</script>

</head>
<body>
<h2 align='center'>edgeTest</h2><table border='1' align="center">
<tr>
<td>Tests passed/Failed/Skipped:</td><td>8/2/0</td>
</tr><tr>
<td>Started on:</td><td>Thu Jul 17 10:48:43 IST 2025</td>
</tr>
<tr><td>Total time:</td><td>303 seconds (303955 ms)</td>
</tr><tr>
<td>Included groups:</td><td></td>
</tr><tr>
<td>Excluded groups:</td><td></td>
</tr>
</table><p/>
<small><i>(Hover the method name to see the test class name)</i></small><p/>
<table width='100%' border='1' class='invocation-failed'>
<tr><td colspan='4' align='center'><b>FAILED TESTS</b></td></tr>
<tr><td><b>Test method</b></td>
<td><b>Attribute(s)</b></td>
<td width="30%"><b>Exception</b></td>
<td width="10%"><b>Time (seconds)</b></td>
<td><b>Instance</b></td>
</tr>
<tr>
<td title='testCases.TC006_SocialsLinkVerification.linkVerification()'><b>linkVerification</b><br>Test class: testCases.TC006_SocialsLinkVerification</td>
<td><div><pre>java.lang.AssertionError: Exception occurred: Unexpected result for screenshot command: null
	at testCases.TC006_SocialsLinkVerification.linkVerification(TC006_SocialsLinkVerification.java:30)
	at java.base/java.util.ArrayList.forEach(ArrayList.java:1596)
... Removed 26 stack frames</pre></div><a href='#' onClick='toggleBox("stack-trace2102080209", this, "Click to show all stack frames", "Click to hide stack frames")'>Click to show all stack frames</a>
<div class='stack-trace' id='stack-trace2102080209'><pre>java.lang.AssertionError: Exception occurred: Unexpected result for screenshot command: null
	at org.testng.Assert.fail(Assert.java:111)
	at testCases.TC006_SocialsLinkVerification.linkVerification(TC006_SocialsLinkVerification.java:30)
	at java.base/jdk.internal.reflect.DirectMethodHandleAccessor.invoke(DirectMethodHandleAccessor.java:103)
	at java.base/java.lang.reflect.Method.invoke(Method.java:580)
	at org.testng.internal.invokers.MethodInvocationHelper.invokeMethod(MethodInvocationHelper.java:141)
	at org.testng.internal.invokers.TestInvoker.invokeMethod(TestInvoker.java:687)
	at org.testng.internal.invokers.TestInvoker.invokeTestMethod(TestInvoker.java:230)
	at org.testng.internal.invokers.MethodRunner.runInSequence(MethodRunner.java:63)
	at org.testng.internal.invokers.TestInvoker$MethodInvocationAgent.invoke(TestInvoker.java:995)
	at org.testng.internal.invokers.TestInvoker.invokeTestMethods(TestInvoker.java:203)
	at org.testng.internal.invokers.TestMethodWorker.invokeTestMethods(TestMethodWorker.java:154)
	at org.testng.internal.invokers.TestMethodWorker.run(TestMethodWorker.java:134)
	at java.base/java.util.ArrayList.forEach(ArrayList.java:1596)
	at org.testng.TestRunner.privateRun(TestRunner.java:741)
	at org.testng.TestRunner.run(TestRunner.java:616)
	at org.testng.SuiteRunner.runTest(SuiteRunner.java:421)
	at org.testng.SuiteRunner.runSequentially(SuiteRunner.java:413)
	at org.testng.SuiteRunner.privateRun(SuiteRunner.java:373)
	at org.testng.SuiteRunner.run(SuiteRunner.java:312)
	at org.testng.SuiteRunnerWorker.runSuite(SuiteRunnerWorker.java:52)
	at org.testng.SuiteRunnerWorker.run(SuiteRunnerWorker.java:95)
	at org.testng.TestNG.runSuitesSequentially(TestNG.java:1274)
	at org.testng.TestNG.runSuitesLocally(TestNG.java:1208)
	at org.testng.TestNG.runSuites(TestNG.java:1112)
	at org.testng.TestNG.run(TestNG.java:1079)
	at org.testng.remote.AbstractRemoteTestNG.run(AbstractRemoteTestNG.java:115)
	at org.testng.remote.RemoteTestNG.initAndRun(RemoteTestNG.java:293)
	at org.testng.remote.RemoteTestNG.main(RemoteTestNG.java:91)
</pre></div></td>
<td>41</td>
<td>testCases.TC006_SocialsLinkVerification@21005f6c</td></tr>
<tr>
<td title='testCases.TC004_LoginAuthentication.loginTest()'><b>loginTest</b><br>Test class: testCases.TC004_LoginAuthentication<br>Parameters: dasTanisha@gmail.com, xyzdasTani@#, Invalid</td>
<td><div><pre>java.lang.AssertionError: null
	at testCases.TC004_LoginAuthentication.loginTest(TC004_LoginAuthentication.java:54)
	at java.base/java.util.ArrayList.forEach(ArrayList.java:1596)
... Removed 27 stack frames</pre></div><a href='#' onClick='toggleBox("stack-trace1447901504", this, "Click to show all stack frames", "Click to hide stack frames")'>Click to show all stack frames</a>
<div class='stack-trace' id='stack-trace1447901504'><pre>java.lang.AssertionError: null
	at org.testng.Assert.fail(Assert.java:111)
	at org.testng.Assert.fail(Assert.java:116)
	at testCases.TC004_LoginAuthentication.loginTest(TC004_LoginAuthentication.java:54)
	at java.base/jdk.internal.reflect.DirectMethodHandleAccessor.invoke(DirectMethodHandleAccessor.java:103)
	at java.base/java.lang.reflect.Method.invoke(Method.java:580)
	at org.testng.internal.invokers.MethodInvocationHelper.invokeMethod(MethodInvocationHelper.java:141)
	at org.testng.internal.invokers.TestInvoker.invokeMethod(TestInvoker.java:687)
	at org.testng.internal.invokers.TestInvoker.invokeTestMethod(TestInvoker.java:230)
	at org.testng.internal.invokers.MethodRunner.runInSequence(MethodRunner.java:63)
	at org.testng.internal.invokers.TestInvoker$MethodInvocationAgent.invoke(TestInvoker.java:995)
	at org.testng.internal.invokers.TestInvoker.invokeTestMethods(TestInvoker.java:203)
	at org.testng.internal.invokers.TestMethodWorker.invokeTestMethods(TestMethodWorker.java:154)
	at org.testng.internal.invokers.TestMethodWorker.run(TestMethodWorker.java:134)
	at java.base/java.util.ArrayList.forEach(ArrayList.java:1596)
	at org.testng.TestRunner.privateRun(TestRunner.java:741)
	at org.testng.TestRunner.run(TestRunner.java:616)
	at org.testng.SuiteRunner.runTest(SuiteRunner.java:421)
	at org.testng.SuiteRunner.runSequentially(SuiteRunner.java:413)
	at org.testng.SuiteRunner.privateRun(SuiteRunner.java:373)
	at org.testng.SuiteRunner.run(SuiteRunner.java:312)
	at org.testng.SuiteRunnerWorker.runSuite(SuiteRunnerWorker.java:52)
	at org.testng.SuiteRunnerWorker.run(SuiteRunnerWorker.java:95)
	at org.testng.TestNG.runSuitesSequentially(TestNG.java:1274)
	at org.testng.TestNG.runSuitesLocally(TestNG.java:1208)
	at org.testng.TestNG.runSuites(TestNG.java:1112)
	at org.testng.TestNG.run(TestNG.java:1079)
	at org.testng.remote.AbstractRemoteTestNG.run(AbstractRemoteTestNG.java:115)
	at org.testng.remote.RemoteTestNG.initAndRun(RemoteTestNG.java:293)
	at org.testng.remote.RemoteTestNG.main(RemoteTestNG.java:91)
</pre></div></td>
<td>1</td>
<td>testCases.TC004_LoginAuthentication@7813cb11</td></tr>
</table><p>
<table width='100%' border='1' class='invocation-passed'>
<tr><td colspan='4' align='center'><b>PASSED TESTS</b></td></tr>
<tr><td><b>Test method</b></td>
<td><b>Attribute(s)</b></td>
<td width="30%"><b>Exception</b></td>
<td width="10%"><b>Time (seconds)</b></td>
<td><b>Instance</b></td>
</tr>
<tr>
<td title='testCases.TC007_CaptchaScreenshot.corporateClick()'><b>corporateClick</b><br>Test class: testCases.TC007_CaptchaScreenshot</td>
<td></td>
<td>24</td>
<td>testCases.TC007_CaptchaScreenshot@32f0fba8</td></tr>
<tr>
<td title='testCases.TC002_NearbyDoctors.findDoctorsTest()'><b>findDoctorsTest</b><br>Test class: testCases.TC002_NearbyDoctors<br>Parameters: Bangalore, Dermatologist</td>
<td></td>
<td>29</td>
<td>testCases.TC002_NearbyDoctors@3a320ade</td></tr>
<tr>
<td title='testCases.TC003_VideoConsultancy.getTopCities()'><b>getTopCities</b><br>Test class: testCases.TC003_VideoConsultancy</td>
<td></td>
<td>6</td>
<td>testCases.TC003_VideoConsultancy@64beebb7</td></tr>
<tr>
<td title='testCases.TC004_LoginAuthentication.loginTest()'><b>loginTest</b><br>Test class: testCases.TC004_LoginAuthentication<br>Parameters: rajthakur2341@gmail.com, RajThakur234@#, Invalid</td>
<td></td>
<td>2</td>
<td>testCases.TC004_LoginAuthentication@7813cb11</td></tr>
<tr>
<td title='testCases.TC001_HospitalsAvailabilityTest.hospitalsSearch()'><b>hospitalsSearch</b><br>Test class: testCases.TC001_HospitalsAvailabilityTest<br>Parameters: Bangalore, Hospital, Open 24x7, 4</td>
<td></td>
<td>19</td>
<td>testCases.TC001_HospitalsAvailabilityTest@24faea88</td></tr>
<tr>
<td title='testCases.TC005_SearchHealthArticles.healthArticlesSearch()'><b>healthArticlesSearch</b><br>Test class: testCases.TC005_SearchHealthArticles<br>Parameters: mental heath</td>
<td></td>
<td>27</td>
<td>testCases.TC005_SearchHealthArticles@bcec031</td></tr>
<tr>
<td title='testCases.TC008_TopCity_TestPageTest.getTopCities()'><b>getTopCities</b><br>Test class: testCases.TC008_TopCity_TestPageTest</td>
<td></td>
<td>13</td>
<td>testCases.TC008_TopCity_TestPageTest@545de5a4</td></tr>
<tr>
<td title='testCases.TC004_LoginAuthentication.loginTest()'><b>loginTest</b><br>Test class: testCases.TC004_LoginAuthentication<br>Parameters: chatterjeenaitik0@gmail.com, Practo2025@#$, Valid</td>
<td></td>
<td>3</td>
<td>testCases.TC004_LoginAuthentication@7813cb11</td></tr>
</table><p>
</body>
</html>