<?xml version="1.0" encoding="UTF-8"?>
<testng-results ignored="0" total="20" passed="16" failed="4" skipped="0">
  <reporter-output>
  </reporter-output>
  <suite started-at="2025-06-18T17:47:31 IST" name="Suite" finished-at="2025-06-18T17:52:10 IST" duration-ms="279191">
    <groups>
    </groups>
    <test started-at="2025-06-18T17:47:31 IST" name="Test1" finished-at="2025-06-18T17:49:38 IST" duration-ms="127288">
      <class name="base.DeletingSkillSet">
        <test-method is-config="true" signature="openBrowser(java.lang.String)[pri:0, instance:base.DeletingSkillSet@279fedbd]" started-at="2025-06-18T17:47:31 IST" name="openBrowser" finished-at="2025-06-18T17:47:44 IST" duration-ms="12362" status="PASS">
          <params>
            <param index="0">
              <value>
                <![CDATA[chrome]]>
              </value>
            </param>
          </params>
          <reporter-output>
          </reporter-output>
        </test-method> <!-- openBrowser -->
        <test-method signature="loginToWebsite()[pri:-1, instance:base.DeletingSkillSet@279fedbd]" started-at="2025-06-18T17:47:44 IST" name="loginToWebsite" finished-at="2025-06-18T17:47:45 IST" duration-ms="1831" status="PASS">
          <reporter-output>
          </reporter-output>
        </test-method> <!-- loginToWebsite -->
        <test-method signature="jobCategoriesOperation(java.lang.String,java.lang.String,java.lang.String,java.lang.String)[pri:1, instance:base.DeletingSkillSet@279fedbd]" started-at="2025-06-18T17:47:46 IST" name="jobCategoriesOperation" data-provider="dp" finished-at="2025-06-18T17:47:53 IST" duration-ms="7159" status="FAIL">
          <params>
            <param index="0">
              <value>
                <![CDATA[Test Engineer]]>
              </value>
            </param>
            <param index="1">
              <value>
                <![CDATA[Amsterdam-HQ]]>
              </value>
            </param>
            <param index="2">
              <value>
                <![CDATA[India]]>
              </value>
            </param>
            <param index="3">
              <value>
                <![CDATA[Testing Demo]]>
              </value>
            </param>
          </params>
          <exception class="org.openqa.selenium.NoSuchElementException">
            <message>
              <![CDATA[no such element: Unable to locate element: {"method":"xpath","selector":"//button[@type='submit']"}
  (Session info: chrome=136.0.7103.114)
For documentation on this error, please visit: https://www.selenium.dev/documentation/webdriver/troubleshooting/errors#no-such-element-exception
Build info: version: '4.33.0', revision: '2c6aaad03a'
System info: os.name: 'Windows 11', os.arch: 'amd64', os.version: '10.0', java.version: '21.0.5'
Driver info: org.openqa.selenium.chrome.ChromeDriver
Command: [ab07d48e875fe60f15d8282407c17029, findElement {using=xpath, value=//button[@type='submit']}]
Capabilities {acceptInsecureCerts: false, browserName: chrome, browserVersion: 136.0.7103.114, chrome: {chromedriverVersion: 136.0.7103.113 (76fa3c17824..., userDataDir: C:\Windows\SystemTemp\scope...}, fedcm:accounts: true, goog:chromeOptions: {debuggerAddress: localhost:52811}, networkConnectionEnabled: false, pageLoadStrategy: normal, platformName: windows, proxy: Proxy(), se:cdp: ws://localhost:52811/devtoo..., se:cdpVersion: 136.0.7103.114, setWindowRect: true, strictFileInteractability: false, timeouts: {implicit: 0, pageLoad: 300000, script: 30000}, unhandledPromptBehavior: dismiss and notify, webauthn:extension:credBlob: true, webauthn:extension:largeBlob: true, webauthn:extension:minPinLength: true, webauthn:extension:prf: true, webauthn:virtualAuthenticators: true}
Session ID: ab07d48e875fe60f15d8282407c17029]]>
            </message>
            <full-stacktrace>
              <![CDATA[org.openqa.selenium.NoSuchElementException: no such element: Unable to locate element: {"method":"xpath","selector":"//button[@type='submit']"}
  (Session info: chrome=136.0.7103.114)
For documentation on this error, please visit: https://www.selenium.dev/documentation/webdriver/troubleshooting/errors#no-such-element-exception
Build info: version: '4.33.0', revision: '2c6aaad03a'
System info: os.name: 'Windows 11', os.arch: 'amd64', os.version: '10.0', java.version: '21.0.5'
Driver info: org.openqa.selenium.chrome.ChromeDriver
Command: [ab07d48e875fe60f15d8282407c17029, findElement {using=xpath, value=//button[@type='submit']}]
Capabilities {acceptInsecureCerts: false, browserName: chrome, browserVersion: 136.0.7103.114, chrome: {chromedriverVersion: 136.0.7103.113 (76fa3c17824..., userDataDir: C:\Windows\SystemTemp\scope...}, fedcm:accounts: true, goog:chromeOptions: {debuggerAddress: localhost:52811}, networkConnectionEnabled: false, pageLoadStrategy: normal, platformName: windows, proxy: Proxy(), se:cdp: ws://localhost:52811/devtoo..., se:cdpVersion: 136.0.7103.114, setWindowRect: true, strictFileInteractability: false, timeouts: {implicit: 0, pageLoad: 300000, script: 30000}, unhandledPromptBehavior: dismiss and notify, webauthn:extension:credBlob: true, webauthn:extension:largeBlob: true, webauthn:extension:minPinLength: true, webauthn:extension:prf: true, webauthn:virtualAuthenticators: true}
Session ID: ab07d48e875fe60f15d8282407c17029
at java.base/jdk.internal.reflect.DirectConstructorHandleAccessor.newInstance(DirectConstructorHandleAccessor.java:62)
at java.base/java.lang.reflect.Constructor.newInstanceWithCaller(Constructor.java:502)
at java.base/java.lang.reflect.Constructor.newInstance(Constructor.java:486)
at org.openqa.selenium.remote.ErrorCodec.decode(ErrorCodec.java:167)
at org.openqa.selenium.remote.codec.w3c.W3CHttpResponseCodec.decode(W3CHttpResponseCodec.java:138)
at org.openqa.selenium.remote.codec.w3c.W3CHttpResponseCodec.decode(W3CHttpResponseCodec.java:50)
at org.openqa.selenium.remote.HttpCommandExecutor.execute(HttpCommandExecutor.java:215)
at org.openqa.selenium.remote.service.DriverCommandExecutor.invokeExecute(DriverCommandExecutor.java:216)
at org.openqa.selenium.remote.service.DriverCommandExecutor.execute(DriverCommandExecutor.java:174)
at org.openqa.selenium.remote.RemoteWebDriver.execute(RemoteWebDriver.java:544)
at org.openqa.selenium.remote.ElementLocation$ElementFinder$2.findElement(ElementLocation.java:165)
at org.openqa.selenium.remote.ElementLocation.findElement(ElementLocation.java:59)
at org.openqa.selenium.remote.RemoteWebDriver.findElement(RemoteWebDriver.java:367)
at org.openqa.selenium.remote.RemoteWebDriver.findElement(RemoteWebDriver.java:361)
at org.openqa.selenium.support.pagefactory.DefaultElementLocator.findElement(DefaultElementLocator.java:68)
at org.openqa.selenium.support.pagefactory.internal.LocatingElementHandler.invoke(LocatingElementHandler.java:38)
at jdk.proxy2/jdk.proxy2.$Proxy17.click(Unknown Source)
at pages.JobPage.addAndDeleteElement(JobPage.java:95)
at base.DeletingSkillSet.jobCategoriesOperation(DeletingSkillSet.java:108)
at java.base/jdk.internal.reflect.DirectMethodHandleAccessor.invoke(DirectMethodHandleAccessor.java:103)
at java.base/java.lang.reflect.Method.invoke(Method.java:580)
at org.testng.internal.invokers.MethodInvocationHelper.invokeMethod(MethodInvocationHelper.java:141)
at org.testng.internal.invokers.TestInvoker.invokeMethod(TestInvoker.java:687)
at org.testng.internal.invokers.TestInvoker.invokeTestMethod(TestInvoker.java:230)
at org.testng.internal.invokers.MethodRunner.runInSequence(MethodRunner.java:63)
at org.testng.internal.invokers.TestInvoker$MethodInvocationAgent.invoke(TestInvoker.java:995)
at org.testng.internal.invokers.TestInvoker.invokeTestMethods(TestInvoker.java:203)
at org.testng.internal.invokers.TestMethodWorker.invokeTestMethods(TestMethodWorker.java:154)
at org.testng.internal.invokers.TestMethodWorker.run(TestMethodWorker.java:134)
at java.base/java.util.ArrayList.forEach(ArrayList.java:1596)
at org.testng.TestRunner.privateRun(TestRunner.java:741)
at org.testng.TestRunner.run(TestRunner.java:616)
at org.testng.SuiteRunner.runTest(SuiteRunner.java:421)
at org.testng.SuiteRunner.runSequentially(SuiteRunner.java:413)
at org.testng.SuiteRunner.privateRun(SuiteRunner.java:373)
at org.testng.SuiteRunner.run(SuiteRunner.java:312)
at org.testng.SuiteRunnerWorker.runSuite(SuiteRunnerWorker.java:52)
at org.testng.SuiteRunnerWorker.run(SuiteRunnerWorker.java:95)
at org.testng.TestNG.runSuitesSequentially(TestNG.java:1274)
at org.testng.TestNG.runSuitesLocally(TestNG.java:1208)
at org.testng.TestNG.runSuites(TestNG.java:1112)
at org.testng.TestNG.run(TestNG.java:1079)
at org.testng.remote.AbstractRemoteTestNG.run(AbstractRemoteTestNG.java:115)
at org.testng.remote.RemoteTestNG.initAndRun(RemoteTestNG.java:293)
at org.testng.remote.RemoteTestNG.main(RemoteTestNG.java:91)
]]>
            </full-stacktrace>
          </exception> <!-- org.openqa.selenium.NoSuchElementException -->
          <reporter-output>
          </reporter-output>
        </test-method> <!-- jobCategoriesOperation -->
        <test-method signature="jobCategoriesOperation(java.lang.String,java.lang.String,java.lang.String,java.lang.String)[pri:1, instance:base.DeletingSkillSet@279fedbd]" started-at="2025-06-18T17:47:53 IST" name="jobCategoriesOperation" data-provider="dp" finished-at="2025-06-18T17:48:09 IST" duration-ms="15874" status="PASS">
          <params>
            <param index="0">
              <value>
                <![CDATA[Test Engineer]]>
              </value>
            </param>
            <param index="1">
              <value>
                <![CDATA[NetherLands-HQ]]>
              </value>
            </param>
            <param index="2">
              <value>
                <![CDATA[Albania]]>
              </value>
            </param>
            <param index="3">
              <value>
                <![CDATA[Testing Demo]]>
              </value>
            </param>
          </params>
          <reporter-output>
          </reporter-output>
        </test-method> <!-- jobCategoriesOperation -->
        <test-method signature="jobCategoriesOperation(java.lang.String,java.lang.String,java.lang.String,java.lang.String)[pri:1, instance:base.DeletingSkillSet@279fedbd]" started-at="2025-06-18T17:48:09 IST" name="jobCategoriesOperation" data-provider="dp" finished-at="2025-06-18T17:48:18 IST" duration-ms="8983" status="PASS">
          <params>
            <param index="0">
              <value>
                <![CDATA[Test Engineer]]>
              </value>
            </param>
            <param index="1">
              <value>
                <![CDATA[SwitzerLand-HQ]]>
              </value>
            </param>
            <param index="2">
              <value>
                <![CDATA[Canada]]>
              </value>
            </param>
            <param index="3">
              <value>
                <![CDATA[Testing Demo]]>
              </value>
            </param>
          </params>
          <reporter-output>
          </reporter-output>
        </test-method> <!-- jobCategoriesOperation -->
        <test-method signature="organizationLocationOperation(java.lang.String,java.lang.String,java.lang.String,java.lang.String)[pri:2, instance:base.DeletingSkillSet@279fedbd]" started-at="2025-06-18T17:48:18 IST" name="organizationLocationOperation" data-provider="dp" finished-at="2025-06-18T17:48:34 IST" duration-ms="16140" status="PASS">
          <params>
            <param index="0">
              <value>
                <![CDATA[Test Engineer]]>
              </value>
            </param>
            <param index="1">
              <value>
                <![CDATA[Amsterdam-HQ]]>
              </value>
            </param>
            <param index="2">
              <value>
                <![CDATA[India]]>
              </value>
            </param>
            <param index="3">
              <value>
                <![CDATA[Testing Demo]]>
              </value>
            </param>
          </params>
          <reporter-output>
          </reporter-output>
        </test-method> <!-- organizationLocationOperation -->
        <test-method signature="organizationLocationOperation(java.lang.String,java.lang.String,java.lang.String,java.lang.String)[pri:2, instance:base.DeletingSkillSet@279fedbd]" started-at="2025-06-18T17:48:34 IST" name="organizationLocationOperation" data-provider="dp" finished-at="2025-06-18T17:48:38 IST" duration-ms="4246" status="FAIL">
          <params>
            <param index="0">
              <value>
                <![CDATA[Test Engineer]]>
              </value>
            </param>
            <param index="1">
              <value>
                <![CDATA[NetherLands-HQ]]>
              </value>
            </param>
            <param index="2">
              <value>
                <![CDATA[Albania]]>
              </value>
            </param>
            <param index="3">
              <value>
                <![CDATA[Testing Demo]]>
              </value>
            </param>
          </params>
          <exception class="org.openqa.selenium.StaleElementReferenceException">
            <message>
              <![CDATA[stale element reference: stale element not found in the current frame
  (Session info: chrome=136.0.7103.114)
For documentation on this error, please visit: https://www.selenium.dev/documentation/webdriver/troubleshooting/errors#stale-element-reference-exception
Build info: version: '4.33.0', revision: '2c6aaad03a'
System info: os.name: 'Windows 11', os.arch: 'amd64', os.version: '10.0', java.version: '21.0.5'
Driver info: org.openqa.selenium.chrome.ChromeDriver
Command: [ab07d48e875fe60f15d8282407c17029, isElementDisplayed {id=f.157682EBE090B3829AD1FA8C38FCAD5C.d.F9148D5DC22EB4874FCDEA5E4D14039A.e.843}]
Capabilities {acceptInsecureCerts: false, browserName: chrome, browserVersion: 136.0.7103.114, chrome: {chromedriverVersion: 136.0.7103.113 (76fa3c17824..., userDataDir: C:\Windows\SystemTemp\scope...}, fedcm:accounts: true, goog:chromeOptions: {debuggerAddress: localhost:52811}, networkConnectionEnabled: false, pageLoadStrategy: normal, platformName: windows, proxy: Proxy(), se:cdp: ws://localhost:52811/devtoo..., se:cdpVersion: 136.0.7103.114, setWindowRect: true, strictFileInteractability: false, timeouts: {implicit: 0, pageLoad: 300000, script: 30000}, unhandledPromptBehavior: dismiss and notify, webauthn:extension:credBlob: true, webauthn:extension:largeBlob: true, webauthn:extension:minPinLength: true, webauthn:extension:prf: true, webauthn:virtualAuthenticators: true}
Element: [[ChromeDriver: chrome on windows (ab07d48e875fe60f15d8282407c17029)] -> class name: oxd-select-option]
Session ID: ab07d48e875fe60f15d8282407c17029]]>
            </message>
            <full-stacktrace>
              <![CDATA[org.openqa.selenium.StaleElementReferenceException: stale element reference: stale element not found in the current frame
  (Session info: chrome=136.0.7103.114)
For documentation on this error, please visit: https://www.selenium.dev/documentation/webdriver/troubleshooting/errors#stale-element-reference-exception
Build info: version: '4.33.0', revision: '2c6aaad03a'
System info: os.name: 'Windows 11', os.arch: 'amd64', os.version: '10.0', java.version: '21.0.5'
Driver info: org.openqa.selenium.chrome.ChromeDriver
Command: [ab07d48e875fe60f15d8282407c17029, isElementDisplayed {id=f.157682EBE090B3829AD1FA8C38FCAD5C.d.F9148D5DC22EB4874FCDEA5E4D14039A.e.843}]
Capabilities {acceptInsecureCerts: false, browserName: chrome, browserVersion: 136.0.7103.114, chrome: {chromedriverVersion: 136.0.7103.113 (76fa3c17824..., userDataDir: C:\Windows\SystemTemp\scope...}, fedcm:accounts: true, goog:chromeOptions: {debuggerAddress: localhost:52811}, networkConnectionEnabled: false, pageLoadStrategy: normal, platformName: windows, proxy: Proxy(), se:cdp: ws://localhost:52811/devtoo..., se:cdpVersion: 136.0.7103.114, setWindowRect: true, strictFileInteractability: false, timeouts: {implicit: 0, pageLoad: 300000, script: 30000}, unhandledPromptBehavior: dismiss and notify, webauthn:extension:credBlob: true, webauthn:extension:largeBlob: true, webauthn:extension:minPinLength: true, webauthn:extension:prf: true, webauthn:virtualAuthenticators: true}
Element: [[ChromeDriver: chrome on windows (ab07d48e875fe60f15d8282407c17029)] -> class name: oxd-select-option]
Session ID: ab07d48e875fe60f15d8282407c17029
at java.base/jdk.internal.reflect.DirectConstructorHandleAccessor.newInstance(DirectConstructorHandleAccessor.java:62)
at java.base/java.lang.reflect.Constructor.newInstanceWithCaller(Constructor.java:502)
at java.base/java.lang.reflect.Constructor.newInstance(Constructor.java:486)
at org.openqa.selenium.remote.ErrorCodec.decode(ErrorCodec.java:167)
at org.openqa.selenium.remote.codec.w3c.W3CHttpResponseCodec.decode(W3CHttpResponseCodec.java:138)
at org.openqa.selenium.remote.codec.w3c.W3CHttpResponseCodec.decode(W3CHttpResponseCodec.java:50)
at org.openqa.selenium.remote.HttpCommandExecutor.execute(HttpCommandExecutor.java:215)
at org.openqa.selenium.remote.service.DriverCommandExecutor.invokeExecute(DriverCommandExecutor.java:216)
at org.openqa.selenium.remote.service.DriverCommandExecutor.execute(DriverCommandExecutor.java:174)
at org.openqa.selenium.remote.RemoteWebDriver.execute(RemoteWebDriver.java:544)
at org.openqa.selenium.remote.RemoteWebElement.execute(RemoteWebElement.java:223)
at org.openqa.selenium.remote.RemoteWebElement.isDisplayed(RemoteWebElement.java:282)
at org.openqa.selenium.support.ui.ExpectedConditions$9.apply(ExpectedConditions.java:264)
at org.openqa.selenium.support.ui.ExpectedConditions$9.apply(ExpectedConditions.java:260)
at org.openqa.selenium.support.ui.FluentWait.until(FluentWait.java:203)
at utils.WaitUtil.waitForMultipleElement(WaitUtil.java:34)
at pages.OrganizationPage.addAndDeleteElement(OrganizationPage.java:104)
at base.DeletingSkillSet.organizationLocationOperation(DeletingSkillSet.java:122)
at java.base/jdk.internal.reflect.DirectMethodHandleAccessor.invoke(DirectMethodHandleAccessor.java:103)
at java.base/java.lang.reflect.Method.invoke(Method.java:580)
at org.testng.internal.invokers.MethodInvocationHelper.invokeMethod(MethodInvocationHelper.java:141)
at org.testng.internal.invokers.TestInvoker.invokeMethod(TestInvoker.java:687)
at org.testng.internal.invokers.TestInvoker.invokeTestMethod(TestInvoker.java:230)
at org.testng.internal.invokers.MethodRunner.runInSequence(MethodRunner.java:63)
at org.testng.internal.invokers.TestInvoker$MethodInvocationAgent.invoke(TestInvoker.java:995)
at org.testng.internal.invokers.TestInvoker.invokeTestMethods(TestInvoker.java:203)
at org.testng.internal.invokers.TestMethodWorker.invokeTestMethods(TestMethodWorker.java:154)
at org.testng.internal.invokers.TestMethodWorker.run(TestMethodWorker.java:134)
at java.base/java.util.ArrayList.forEach(ArrayList.java:1596)
at org.testng.TestRunner.privateRun(TestRunner.java:741)
at org.testng.TestRunner.run(TestRunner.java:616)
at org.testng.SuiteRunner.runTest(SuiteRunner.java:421)
at org.testng.SuiteRunner.runSequentially(SuiteRunner.java:413)
at org.testng.SuiteRunner.privateRun(SuiteRunner.java:373)
at org.testng.SuiteRunner.run(SuiteRunner.java:312)
at org.testng.SuiteRunnerWorker.runSuite(SuiteRunnerWorker.java:52)
at org.testng.SuiteRunnerWorker.run(SuiteRunnerWorker.java:95)
at org.testng.TestNG.runSuitesSequentially(TestNG.java:1274)
at org.testng.TestNG.runSuitesLocally(TestNG.java:1208)
at org.testng.TestNG.runSuites(TestNG.java:1112)
at org.testng.TestNG.run(TestNG.java:1079)
at org.testng.remote.AbstractRemoteTestNG.run(AbstractRemoteTestNG.java:115)
at org.testng.remote.RemoteTestNG.initAndRun(RemoteTestNG.java:293)
at org.testng.remote.RemoteTestNG.main(RemoteTestNG.java:91)
]]>
            </full-stacktrace>
          </exception> <!-- org.openqa.selenium.StaleElementReferenceException -->
          <reporter-output>
          </reporter-output>
        </test-method> <!-- organizationLocationOperation -->
        <test-method signature="organizationLocationOperation(java.lang.String,java.lang.String,java.lang.String,java.lang.String)[pri:2, instance:base.DeletingSkillSet@279fedbd]" started-at="2025-06-18T17:48:38 IST" name="organizationLocationOperation" data-provider="dp" finished-at="2025-06-18T17:48:56 IST" duration-ms="17044" status="PASS">
          <params>
            <param index="0">
              <value>
                <![CDATA[Test Engineer]]>
              </value>
            </param>
            <param index="1">
              <value>
                <![CDATA[SwitzerLand-HQ]]>
              </value>
            </param>
            <param index="2">
              <value>
                <![CDATA[Canada]]>
              </value>
            </param>
            <param index="3">
              <value>
                <![CDATA[Testing Demo]]>
              </value>
            </param>
          </params>
          <reporter-output>
          </reporter-output>
        </test-method> <!-- organizationLocationOperation -->
        <test-method signature="qualificationSkillsOperation(java.lang.String,java.lang.String,java.lang.String,java.lang.String)[pri:3, instance:base.DeletingSkillSet@279fedbd]" started-at="2025-06-18T17:48:56 IST" name="qualificationSkillsOperation" data-provider="dp" finished-at="2025-06-18T17:49:03 IST" duration-ms="7076" status="PASS">
          <params>
            <param index="0">
              <value>
                <![CDATA[Test Engineer]]>
              </value>
            </param>
            <param index="1">
              <value>
                <![CDATA[Amsterdam-HQ]]>
              </value>
            </param>
            <param index="2">
              <value>
                <![CDATA[India]]>
              </value>
            </param>
            <param index="3">
              <value>
                <![CDATA[Testing Demo]]>
              </value>
            </param>
          </params>
          <reporter-output>
          </reporter-output>
        </test-method> <!-- qualificationSkillsOperation -->
        <test-method signature="qualificationSkillsOperation(java.lang.String,java.lang.String,java.lang.String,java.lang.String)[pri:3, instance:base.DeletingSkillSet@279fedbd]" started-at="2025-06-18T17:49:03 IST" name="qualificationSkillsOperation" data-provider="dp" finished-at="2025-06-18T17:49:18 IST" duration-ms="15152" status="PASS">
          <params>
            <param index="0">
              <value>
                <![CDATA[Test Engineer]]>
              </value>
            </param>
            <param index="1">
              <value>
                <![CDATA[NetherLands-HQ]]>
              </value>
            </param>
            <param index="2">
              <value>
                <![CDATA[Albania]]>
              </value>
            </param>
            <param index="3">
              <value>
                <![CDATA[Testing Demo]]>
              </value>
            </param>
          </params>
          <reporter-output>
          </reporter-output>
        </test-method> <!-- qualificationSkillsOperation -->
        <test-method signature="qualificationSkillsOperation(java.lang.String,java.lang.String,java.lang.String,java.lang.String)[pri:3, instance:base.DeletingSkillSet@279fedbd]" started-at="2025-06-18T17:49:18 IST" name="qualificationSkillsOperation" data-provider="dp" finished-at="2025-06-18T17:49:32 IST" duration-ms="14321" status="PASS">
          <params>
            <param index="0">
              <value>
                <![CDATA[Test Engineer]]>
              </value>
            </param>
            <param index="1">
              <value>
                <![CDATA[SwitzerLand-HQ]]>
              </value>
            </param>
            <param index="2">
              <value>
                <![CDATA[Canada]]>
              </value>
            </param>
            <param index="3">
              <value>
                <![CDATA[Testing Demo]]>
              </value>
            </param>
          </params>
          <reporter-output>
          </reporter-output>
        </test-method> <!-- qualificationSkillsOperation -->
        <test-method is-config="true" signature="logoutOfWebsite()[pri:0, instance:base.DeletingSkillSet@279fedbd]" started-at="2025-06-18T17:49:32 IST" name="logoutOfWebsite" finished-at="2025-06-18T17:49:38 IST" duration-ms="5476" status="PASS">
          <reporter-output>
          </reporter-output>
        </test-method> <!-- logoutOfWebsite -->
        <test-method is-config="true" signature="writeIntoExcel()[pri:0, instance:base.DeletingSkillSet@279fedbd]" started-at="2025-06-18T17:49:38 IST" name="writeIntoExcel" finished-at="2025-06-18T17:49:38 IST" duration-ms="658" status="PASS">
          <reporter-output>
          </reporter-output>
        </test-method> <!-- writeIntoExcel -->
      </class> <!-- base.DeletingSkillSet -->
    </test> <!-- Test1 -->
    <test started-at="2025-06-18T17:49:39 IST" name="Test2" finished-at="2025-06-18T17:52:10 IST" duration-ms="151599">
      <class name="base.DeletingSkillSet">
        <test-method is-config="true" signature="openBrowser(java.lang.String)[pri:0, instance:base.DeletingSkillSet@1757cd72]" started-at="2025-06-18T17:49:39 IST" name="openBrowser" finished-at="2025-06-18T17:49:48 IST" duration-ms="8888" status="PASS">
          <params>
            <param index="0">
              <value>
                <![CDATA[edge]]>
              </value>
            </param>
          </params>
          <reporter-output>
          </reporter-output>
        </test-method> <!-- openBrowser -->
        <test-method signature="loginToWebsite()[pri:-1, instance:base.DeletingSkillSet@1757cd72]" started-at="2025-06-18T17:49:48 IST" name="loginToWebsite" finished-at="2025-06-18T17:49:50 IST" duration-ms="2281" status="PASS">
          <reporter-output>
          </reporter-output>
        </test-method> <!-- loginToWebsite -->
        <test-method signature="jobCategoriesOperation(java.lang.String,java.lang.String,java.lang.String,java.lang.String)[pri:1, instance:base.DeletingSkillSet@1757cd72]" started-at="2025-06-18T17:49:50 IST" name="jobCategoriesOperation" data-provider="dp" finished-at="2025-06-18T17:50:06 IST" duration-ms="15901" status="PASS">
          <params>
            <param index="0">
              <value>
                <![CDATA[Test Engineer]]>
              </value>
            </param>
            <param index="1">
              <value>
                <![CDATA[Amsterdam-HQ]]>
              </value>
            </param>
            <param index="2">
              <value>
                <![CDATA[India]]>
              </value>
            </param>
            <param index="3">
              <value>
                <![CDATA[Testing Demo]]>
              </value>
            </param>
          </params>
          <reporter-output>
          </reporter-output>
        </test-method> <!-- jobCategoriesOperation -->
        <test-method signature="jobCategoriesOperation(java.lang.String,java.lang.String,java.lang.String,java.lang.String)[pri:1, instance:base.DeletingSkillSet@1757cd72]" started-at="2025-06-18T17:50:06 IST" name="jobCategoriesOperation" data-provider="dp" finished-at="2025-06-18T17:50:19 IST" duration-ms="12709" status="FAIL">
          <params>
            <param index="0">
              <value>
                <![CDATA[Test Engineer]]>
              </value>
            </param>
            <param index="1">
              <value>
                <![CDATA[NetherLands-HQ]]>
              </value>
            </param>
            <param index="2">
              <value>
                <![CDATA[Albania]]>
              </value>
            </param>
            <param index="3">
              <value>
                <![CDATA[Testing Demo]]>
              </value>
            </param>
          </params>
          <exception class="java.lang.AssertionError">
            <message>
              <![CDATA[Job operation failed!]]>
            </message>
            <full-stacktrace>
              <![CDATA[java.lang.AssertionError: Job operation failed!
at org.testng.Assert.fail(Assert.java:111)
at base.DeletingSkillSet.jobCategoriesOperation(DeletingSkillSet.java:114)
at java.base/jdk.internal.reflect.DirectMethodHandleAccessor.invoke(DirectMethodHandleAccessor.java:103)
at java.base/java.lang.reflect.Method.invoke(Method.java:580)
at org.testng.internal.invokers.MethodInvocationHelper.invokeMethod(MethodInvocationHelper.java:141)
at org.testng.internal.invokers.TestInvoker.invokeMethod(TestInvoker.java:687)
at org.testng.internal.invokers.TestInvoker.invokeTestMethod(TestInvoker.java:230)
at org.testng.internal.invokers.MethodRunner.runInSequence(MethodRunner.java:63)
at org.testng.internal.invokers.TestInvoker$MethodInvocationAgent.invoke(TestInvoker.java:995)
at org.testng.internal.invokers.TestInvoker.invokeTestMethods(TestInvoker.java:203)
at org.testng.internal.invokers.TestMethodWorker.invokeTestMethods(TestMethodWorker.java:154)
at org.testng.internal.invokers.TestMethodWorker.run(TestMethodWorker.java:134)
at java.base/java.util.ArrayList.forEach(ArrayList.java:1596)
at org.testng.TestRunner.privateRun(TestRunner.java:741)
at org.testng.TestRunner.run(TestRunner.java:616)
at org.testng.SuiteRunner.runTest(SuiteRunner.java:421)
at org.testng.SuiteRunner.runSequentially(SuiteRunner.java:413)
at org.testng.SuiteRunner.privateRun(SuiteRunner.java:373)
at org.testng.SuiteRunner.run(SuiteRunner.java:312)
at org.testng.SuiteRunnerWorker.runSuite(SuiteRunnerWorker.java:52)
at org.testng.SuiteRunnerWorker.run(SuiteRunnerWorker.java:95)
at org.testng.TestNG.runSuitesSequentially(TestNG.java:1274)
at org.testng.TestNG.runSuitesLocally(TestNG.java:1208)
at org.testng.TestNG.runSuites(TestNG.java:1112)
at org.testng.TestNG.run(TestNG.java:1079)
at org.testng.remote.AbstractRemoteTestNG.run(AbstractRemoteTestNG.java:115)
at org.testng.remote.RemoteTestNG.initAndRun(RemoteTestNG.java:293)
at org.testng.remote.RemoteTestNG.main(RemoteTestNG.java:91)
]]>
            </full-stacktrace>
          </exception> <!-- java.lang.AssertionError -->
          <reporter-output>
          </reporter-output>
        </test-method> <!-- jobCategoriesOperation -->
        <test-method signature="jobCategoriesOperation(java.lang.String,java.lang.String,java.lang.String,java.lang.String)[pri:1, instance:base.DeletingSkillSet@1757cd72]" started-at="2025-06-18T17:50:19 IST" name="jobCategoriesOperation" data-provider="dp" finished-at="2025-06-18T17:50:27 IST" duration-ms="8375" status="PASS">
          <params>
            <param index="0">
              <value>
                <![CDATA[Test Engineer]]>
              </value>
            </param>
            <param index="1">
              <value>
                <![CDATA[SwitzerLand-HQ]]>
              </value>
            </param>
            <param index="2">
              <value>
                <![CDATA[Canada]]>
              </value>
            </param>
            <param index="3">
              <value>
                <![CDATA[Testing Demo]]>
              </value>
            </param>
          </params>
          <reporter-output>
          </reporter-output>
        </test-method> <!-- jobCategoriesOperation -->
        <test-method signature="organizationLocationOperation(java.lang.String,java.lang.String,java.lang.String,java.lang.String)[pri:2, instance:base.DeletingSkillSet@1757cd72]" started-at="2025-06-18T17:50:27 IST" name="organizationLocationOperation" data-provider="dp" finished-at="2025-06-18T17:50:44 IST" duration-ms="16649" status="PASS">
          <params>
            <param index="0">
              <value>
                <![CDATA[Test Engineer]]>
              </value>
            </param>
            <param index="1">
              <value>
                <![CDATA[Amsterdam-HQ]]>
              </value>
            </param>
            <param index="2">
              <value>
                <![CDATA[India]]>
              </value>
            </param>
            <param index="3">
              <value>
                <![CDATA[Testing Demo]]>
              </value>
            </param>
          </params>
          <reporter-output>
          </reporter-output>
        </test-method> <!-- organizationLocationOperation -->
        <test-method signature="organizationLocationOperation(java.lang.String,java.lang.String,java.lang.String,java.lang.String)[pri:2, instance:base.DeletingSkillSet@1757cd72]" started-at="2025-06-18T17:50:44 IST" name="organizationLocationOperation" data-provider="dp" finished-at="2025-06-18T17:50:59 IST" duration-ms="15218" status="PASS">
          <params>
            <param index="0">
              <value>
                <![CDATA[Test Engineer]]>
              </value>
            </param>
            <param index="1">
              <value>
                <![CDATA[NetherLands-HQ]]>
              </value>
            </param>
            <param index="2">
              <value>
                <![CDATA[Albania]]>
              </value>
            </param>
            <param index="3">
              <value>
                <![CDATA[Testing Demo]]>
              </value>
            </param>
          </params>
          <reporter-output>
          </reporter-output>
        </test-method> <!-- organizationLocationOperation -->
        <test-method signature="organizationLocationOperation(java.lang.String,java.lang.String,java.lang.String,java.lang.String)[pri:2, instance:base.DeletingSkillSet@1757cd72]" started-at="2025-06-18T17:50:59 IST" name="organizationLocationOperation" data-provider="dp" finished-at="2025-06-18T17:51:16 IST" duration-ms="16901" status="PASS">
          <params>
            <param index="0">
              <value>
                <![CDATA[Test Engineer]]>
              </value>
            </param>
            <param index="1">
              <value>
                <![CDATA[SwitzerLand-HQ]]>
              </value>
            </param>
            <param index="2">
              <value>
                <![CDATA[Canada]]>
              </value>
            </param>
            <param index="3">
              <value>
                <![CDATA[Testing Demo]]>
              </value>
            </param>
          </params>
          <reporter-output>
          </reporter-output>
        </test-method> <!-- organizationLocationOperation -->
        <test-method signature="qualificationSkillsOperation(java.lang.String,java.lang.String,java.lang.String,java.lang.String)[pri:3, instance:base.DeletingSkillSet@1757cd72]" started-at="2025-06-18T17:51:16 IST" name="qualificationSkillsOperation" data-provider="dp" finished-at="2025-06-18T17:51:30 IST" duration-ms="14351" status="PASS">
          <params>
            <param index="0">
              <value>
                <![CDATA[Test Engineer]]>
              </value>
            </param>
            <param index="1">
              <value>
                <![CDATA[Amsterdam-HQ]]>
              </value>
            </param>
            <param index="2">
              <value>
                <![CDATA[India]]>
              </value>
            </param>
            <param index="3">
              <value>
                <![CDATA[Testing Demo]]>
              </value>
            </param>
          </params>
          <reporter-output>
          </reporter-output>
        </test-method> <!-- qualificationSkillsOperation -->
        <test-method signature="qualificationSkillsOperation(java.lang.String,java.lang.String,java.lang.String,java.lang.String)[pri:3, instance:base.DeletingSkillSet@1757cd72]" started-at="2025-06-18T17:51:30 IST" name="qualificationSkillsOperation" data-provider="dp" finished-at="2025-06-18T17:51:55 IST" duration-ms="24820" status="FAIL">
          <params>
            <param index="0">
              <value>
                <![CDATA[Test Engineer]]>
              </value>
            </param>
            <param index="1">
              <value>
                <![CDATA[NetherLands-HQ]]>
              </value>
            </param>
            <param index="2">
              <value>
                <![CDATA[Albania]]>
              </value>
            </param>
            <param index="3">
              <value>
                <![CDATA[Testing Demo]]>
              </value>
            </param>
          </params>
          <exception class="org.openqa.selenium.TimeoutException">
            <message>
              <![CDATA[Expected condition failed: waiting for visibility of all [] (tried for 20 second(s) with 500 milliseconds interval)
Build info: version: '4.33.0', revision: '2c6aaad03a'
System info: os.name: 'Windows 11', os.arch: 'amd64', os.version: '10.0', java.version: '21.0.5'
Driver info: org.openqa.selenium.edge.EdgeDriver
Capabilities {acceptInsecureCerts: false, browserName: MicrosoftEdge, browserVersion: 137.0.3296.83, fedcm:accounts: true, ms:edgeOptions: {debuggerAddress: localhost:53140}, msedge: {msedgedriverVersion: 137.0.3296.83 (24e00e9cccf2..., userDataDir: C:\Users\2403763\AppData\Lo...}, networkConnectionEnabled: false, pageLoadStrategy: normal, platformName: windows, proxy: Proxy(), se:cdp: ws://localhost:53140/devtoo..., se:cdpVersion: 137.0.3296.83, setWindowRect: true, strictFileInteractability: false, timeouts: {implicit: 0, pageLoad: 300000, script: 30000}, unhandledPromptBehavior: dismiss and notify, webauthn:extension:credBlob: true, webauthn:extension:largeBlob: true, webauthn:extension:minPinLength: true, webauthn:extension:prf: true, webauthn:virtualAuthenticators: true}
Session ID: fccfcbf6af5f221a24e56a9611b88861]]>
            </message>
            <full-stacktrace>
              <![CDATA[org.openqa.selenium.TimeoutException: Expected condition failed: waiting for visibility of all [] (tried for 20 second(s) with 500 milliseconds interval)
Build info: version: '4.33.0', revision: '2c6aaad03a'
System info: os.name: 'Windows 11', os.arch: 'amd64', os.version: '10.0', java.version: '21.0.5'
Driver info: org.openqa.selenium.edge.EdgeDriver
Capabilities {acceptInsecureCerts: false, browserName: MicrosoftEdge, browserVersion: 137.0.3296.83, fedcm:accounts: true, ms:edgeOptions: {debuggerAddress: localhost:53140}, msedge: {msedgedriverVersion: 137.0.3296.83 (24e00e9cccf2..., userDataDir: C:\Users\2403763\AppData\Lo...}, networkConnectionEnabled: false, pageLoadStrategy: normal, platformName: windows, proxy: Proxy(), se:cdp: ws://localhost:53140/devtoo..., se:cdpVersion: 137.0.3296.83, setWindowRect: true, strictFileInteractability: false, timeouts: {implicit: 0, pageLoad: 300000, script: 30000}, unhandledPromptBehavior: dismiss and notify, webauthn:extension:credBlob: true, webauthn:extension:largeBlob: true, webauthn:extension:minPinLength: true, webauthn:extension:prf: true, webauthn:virtualAuthenticators: true}
Session ID: fccfcbf6af5f221a24e56a9611b88861
at org.openqa.selenium.support.ui.WebDriverWait.timeoutException(WebDriverWait.java:84)
at org.openqa.selenium.support.ui.FluentWait.until(FluentWait.java:228)
at utils.WaitUtil.waitForMultipleElement(WaitUtil.java:34)
at pages.QualificationPage.addAndDeleteElement(QualificationPage.java:99)
at base.DeletingSkillSet.qualificationSkillsOperation(DeletingSkillSet.java:135)
at java.base/jdk.internal.reflect.DirectMethodHandleAccessor.invoke(DirectMethodHandleAccessor.java:103)
at java.base/java.lang.reflect.Method.invoke(Method.java:580)
at org.testng.internal.invokers.MethodInvocationHelper.invokeMethod(MethodInvocationHelper.java:141)
at org.testng.internal.invokers.TestInvoker.invokeMethod(TestInvoker.java:687)
at org.testng.internal.invokers.TestInvoker.invokeTestMethod(TestInvoker.java:230)
at org.testng.internal.invokers.MethodRunner.runInSequence(MethodRunner.java:63)
at org.testng.internal.invokers.TestInvoker$MethodInvocationAgent.invoke(TestInvoker.java:995)
at org.testng.internal.invokers.TestInvoker.invokeTestMethods(TestInvoker.java:203)
at org.testng.internal.invokers.TestMethodWorker.invokeTestMethods(TestMethodWorker.java:154)
at org.testng.internal.invokers.TestMethodWorker.run(TestMethodWorker.java:134)
at java.base/java.util.ArrayList.forEach(ArrayList.java:1596)
at org.testng.TestRunner.privateRun(TestRunner.java:741)
at org.testng.TestRunner.run(TestRunner.java:616)
at org.testng.SuiteRunner.runTest(SuiteRunner.java:421)
at org.testng.SuiteRunner.runSequentially(SuiteRunner.java:413)
at org.testng.SuiteRunner.privateRun(SuiteRunner.java:373)
at org.testng.SuiteRunner.run(SuiteRunner.java:312)
at org.testng.SuiteRunnerWorker.runSuite(SuiteRunnerWorker.java:52)
at org.testng.SuiteRunnerWorker.run(SuiteRunnerWorker.java:95)
at org.testng.TestNG.runSuitesSequentially(TestNG.java:1274)
at org.testng.TestNG.runSuitesLocally(TestNG.java:1208)
at org.testng.TestNG.runSuites(TestNG.java:1112)
at org.testng.TestNG.run(TestNG.java:1079)
at org.testng.remote.AbstractRemoteTestNG.run(AbstractRemoteTestNG.java:115)
at org.testng.remote.RemoteTestNG.initAndRun(RemoteTestNG.java:293)
at org.testng.remote.RemoteTestNG.main(RemoteTestNG.java:91)
]]>
            </full-stacktrace>
          </exception> <!-- org.openqa.selenium.TimeoutException -->
          <reporter-output>
          </reporter-output>
        </test-method> <!-- qualificationSkillsOperation -->
        <test-method signature="qualificationSkillsOperation(java.lang.String,java.lang.String,java.lang.String,java.lang.String)[pri:3, instance:base.DeletingSkillSet@1757cd72]" started-at="2025-06-18T17:51:55 IST" name="qualificationSkillsOperation" data-provider="dp" finished-at="2025-06-18T17:52:03 IST" duration-ms="7396" status="PASS">
          <params>
            <param index="0">
              <value>
                <![CDATA[Test Engineer]]>
              </value>
            </param>
            <param index="1">
              <value>
                <![CDATA[SwitzerLand-HQ]]>
              </value>
            </param>
            <param index="2">
              <value>
                <![CDATA[Canada]]>
              </value>
            </param>
            <param index="3">
              <value>
                <![CDATA[Testing Demo]]>
              </value>
            </param>
          </params>
          <reporter-output>
          </reporter-output>
        </test-method> <!-- qualificationSkillsOperation -->
        <test-method is-config="true" signature="logoutOfWebsite()[pri:0, instance:base.DeletingSkillSet@1757cd72]" started-at="2025-06-18T17:52:03 IST" name="logoutOfWebsite" finished-at="2025-06-18T17:52:10 IST" duration-ms="7071" status="PASS">
          <reporter-output>
          </reporter-output>
        </test-method> <!-- logoutOfWebsite -->
        <test-method is-config="true" signature="writeIntoExcel()[pri:0, instance:base.DeletingSkillSet@1757cd72]" started-at="2025-06-18T17:52:10 IST" name="writeIntoExcel" finished-at="2025-06-18T17:52:10 IST" duration-ms="489" status="PASS">
          <reporter-output>
          </reporter-output>
        </test-method> <!-- writeIntoExcel -->
      </class> <!-- base.DeletingSkillSet -->
    </test> <!-- Test2 -->
  </suite> <!-- Suite -->
</testng-results>
