<?xml version="1.0" encoding="UTF-8"?>
<!-- Generated by org.testng.reporters.JUnitXMLReporter -->
<testsuite ignored="0" hostname="LTIN436923" failures="1" tests="9" name="TrainSearchChrome" time="15.494" errors="0" timestamp="2025-06-24T20:07:26 IST">
  <testcase classname="com.selenium.test.testCases.TestMain" name="alertHandle" time="0.007"/>
  <testcase classname="com.selenium.test.testCases.TestMain" name="testTitle" time="0.122"/>
  <testcase classname="com.selenium.test.testCases.TestMain" name="testURL" time="0.08"/>
  <testcase classname="com.selenium.test.testCases.TestMain" name="testSrcStation" time="0.559"/>
  <testcase classname="com.selenium.test.testCases.TestMain" name="testDestStation" time="0.621"/>
  <testcase classname="com.selenium.test.testCases.TestMain" name="testDateSelection" time="1.792"/>
  <testcase classname="com.selenium.test.testCases.TestMain" name="selectChoices" time="0.981"/>
  <testcase classname="com.selenium.test.testCases.TestMain" name="availableTrain" time="0.845"/>
  <testcase classname="com.selenium.test.testCases.TestMain" name="testDateSelection2" time="0.069">
    <failure type="java.lang.AssertionError" message="expected [28-Jun-25 Sat] but found [29-Jun-25 Sat]">
      <![CDATA[java.lang.AssertionError: expected [28-Jun-25 Sat] but found [29-Jun-25 Sat]
at com.selenium.test.testCases.TestMain.testDateSelection2(TestMain.java:325)
at java.base/java.util.ArrayList.forEach(ArrayList.java:1596)
... Removed 31 stack frames]]>
    </failure>
  </testcase> <!-- testDateSelection2 -->
</testsuite> <!-- TrainSearchChrome -->
